<?xml version="1.0" encoding="UTF-8"?>
<coverage generated="1775919929925" clover="3.2.0">
  <project timestamp="1775919929925" name="All files">
    <metrics statements="1001" coveredstatements="955" conditionals="549" coveredconditionals="424" methods="153" coveredmethods="152" elements="1703" coveredelements="1531" complexity="0" loc="1001" ncloc="1001" packages="5" files="23" classes="23"/>
    <package name="events">
      <metrics statements="16" coveredstatements="16" conditionals="4" coveredconditionals="4" methods="6" coveredmethods="6"/>
      <file name="event-bus.ts" path="/Users/subash.karki/phantom-os/.claude/worktrees/feat+ai-engine/packages/ai-engine/src/events/event-bus.ts">
        <metrics statements="16" coveredstatements="16" conditionals="4" coveredconditionals="4" methods="6" coveredmethods="6"/>
        <line num="10" count="77" type="stmt"/>
        <line num="11" count="77" type="stmt"/>
        <line num="14" count="6" type="stmt"/>
        <line num="15" count="6" type="cond" truecount="2" falsecount="0"/>
        <line num="16" count="5" type="stmt"/>
        <line num="17" count="5" type="stmt"/>
        <line num="19" count="6" type="stmt"/>
        <line num="20" count="6" type="stmt"/>
        <line num="25" count="34" type="stmt"/>
        <line num="26" count="34" type="stmt"/>
        <line num="30" count="192" type="stmt"/>
        <line num="31" count="192" type="cond" truecount="2" falsecount="0"/>
        <line num="32" count="3" type="stmt"/>
        <line num="34" count="192" type="stmt"/>
        <line num="38" count="1" type="stmt"/>
        <line num="39" count="1" type="stmt"/>
      </file>
    </package>
    <package name="graph">
      <metrics statements="761" coveredstatements="716" conditionals="465" coveredconditionals="349" methods="111" coveredmethods="110"/>
      <file name="ast-enricher.ts" path="/Users/subash.karki/phantom-os/.claude/worktrees/feat+ai-engine/packages/ai-engine/src/graph/ast-enricher.ts">
        <metrics statements="306" coveredstatements="275" conditionals="212" coveredconditionals="155" methods="44" coveredmethods="43"/>
        <line num="27" count="1" type="stmt"/>
        <line num="30" count="1" type="stmt"/>
        <line num="93" count="36" type="stmt"/>
        <line num="94" count="36" type="stmt"/>
        <line num="106" count="4" type="stmt"/>
        <line num="109" count="4" type="stmt"/>
        <line num="110" count="4" type="stmt"/>
        <line num="112" count="8" type="cond" truecount="2" falsecount="0"/>
        <line num="115" count="4" type="stmt"/>
        <line num="123" count="4" type="stmt"/>
        <line num="125" count="4" type="stmt"/>
        <line num="126" count="7" type="stmt"/>
        <line num="127" count="7" type="stmt"/>
        <line num="128" count="7" type="stmt"/>
        <line num="129" count="7" type="stmt"/>
        <line num="130" count="7" type="stmt"/>
        <line num="132" count="0" type="stmt"/>
        <line num="142" count="7" type="stmt"/>
        <line num="143" count="7" type="stmt"/>
        <line num="154" count="4" type="stmt"/>
        <line num="172" count="0" type="stmt"/>
        <line num="173" count="0" type="stmt"/>
        <line num="174" count="0" type="cond" truecount="0" falsecount="2"/>
        <line num="176" count="0" type="stmt"/>
        <line num="177" count="0" type="cond" truecount="0" falsecount="2"/>
        <line num="179" count="0" type="stmt"/>
        <line num="180" count="0" type="stmt"/>
        <line num="181" count="0" type="stmt"/>
        <line num="182" count="0" type="stmt"/>
        <line num="183" count="0" type="stmt"/>
        <line num="201" count="41" type="stmt"/>
        <line num="202" count="41" type="stmt"/>
        <line num="211" count="0" type="stmt"/>
        <line num="214" count="41" type="stmt"/>
        <line num="217" count="41" type="stmt"/>
        <line num="218" count="41" type="stmt"/>
        <line num="219" count="41" type="stmt"/>
        <line num="222" count="41" type="stmt"/>
        <line num="223" count="41" type="stmt"/>
        <line num="225" count="41" type="stmt"/>
        <line num="226" count="60" type="cond" truecount="2" falsecount="0"/>
        <line num="227" count="16" type="stmt"/>
        <line num="237" count="44" type="stmt"/>
        <line num="242" count="41" type="stmt"/>
        <line num="243" count="41" type="stmt"/>
        <line num="244" count="41" type="stmt"/>
        <line num="245" count="41" type="stmt"/>
        <line num="248" count="41" type="stmt"/>
        <line num="249" count="44" type="stmt"/>
        <line num="251" count="44" type="cond" truecount="2" falsecount="0"/>
        <line num="253" count="38" type="stmt"/>
        <line num="269" count="38" type="stmt"/>
        <line num="270" count="38" type="stmt"/>
        <line num="274" count="41" type="stmt"/>
        <line num="275" count="7" type="stmt"/>
        <line num="276" count="7" type="cond" truecount="1" falsecount="1"/>
        <line num="278" count="7" type="stmt"/>
        <line num="294" count="7" type="stmt"/>
        <line num="295" count="7" type="stmt"/>
        <line num="299" count="41" type="stmt"/>
        <line num="300" count="16" type="stmt"/>
        <line num="301" count="16" type="cond" truecount="1" falsecount="1"/>
        <line num="303" count="16" type="stmt"/>
        <line num="318" count="16" type="stmt"/>
        <line num="319" count="16" type="stmt"/>
        <line num="323" count="41" type="stmt"/>
        <line num="324" count="29" type="stmt"/>
        <line num="325" count="29" type="cond" truecount="1" falsecount="1"/>
        <line num="327" count="29" type="stmt"/>
        <line num="342" count="29" type="stmt"/>
        <line num="343" count="29" type="stmt"/>
        <line num="348" count="41" type="stmt"/>
        <line num="349" count="41" type="stmt"/>
        <line num="350" count="41" type="stmt"/>
        <line num="353" count="41" type="stmt"/>
        <line num="354" count="41" type="stmt"/>
        <line num="355" count="41" type="stmt"/>
        <line num="356" count="41" type="stmt"/>
        <line num="361" count="41" type="stmt"/>
        <line num="362" count="44" type="cond" truecount="2" falsecount="0"/>
        <line num="363" count="43" type="stmt"/>
        <line num="364" count="43" type="cond" truecount="2" falsecount="0"/>
        <line num="366" count="37" type="stmt"/>
        <line num="367" count="37" type="stmt"/>
        <line num="368" count="22" type="stmt"/>
        <line num="369" count="22" type="cond" truecount="3" falsecount="1"/>
        <line num="370" count="22" type="stmt"/>
        <line num="376" count="41" type="stmt"/>
        <line num="377" count="16" type="cond" truecount="1" falsecount="1"/>
        <line num="378" count="16" type="stmt"/>
        <line num="379" count="16" type="cond" truecount="1" falsecount="1"/>
        <line num="382" count="16" type="stmt"/>
        <line num="383" count="14" type="stmt"/>
        <line num="384" count="14" type="cond" truecount="1" falsecount="1"/>
        <line num="385" count="0" type="stmt"/>
        <line num="390" count="16" type="stmt"/>
        <line num="391" count="16" type="stmt"/>
        <line num="392" count="7" type="stmt"/>
        <line num="393" count="7" type="cond" truecount="3" falsecount="1"/>
        <line num="394" count="7" type="stmt"/>
        <line num="399" count="16" type="stmt"/>
        <line num="400" count="16" type="stmt"/>
        <line num="402" count="21" type="cond" truecount="5" falsecount="0"/>
        <line num="403" count="7" type="stmt"/>
        <line num="404" count="7" type="cond" truecount="2" falsecount="2"/>
        <line num="405" count="0" type="stmt"/>
        <line num="411" count="41" type="stmt"/>
        <line num="412" count="7" type="stmt"/>
        <line num="413" count="7" type="cond" truecount="1" falsecount="1"/>
        <line num="415" count="7" type="stmt"/>
        <line num="416" count="7" type="stmt"/>
        <line num="417" count="7" type="cond" truecount="1" falsecount="1"/>
        <line num="418" count="7" type="stmt"/>
        <line num="429" count="41" type="stmt"/>
        <line num="431" count="41" type="stmt"/>
        <line num="433" count="823" type="cond" truecount="4" falsecount="0"/>
        <line num="434" count="37" type="stmt"/>
        <line num="435" count="37" type="stmt"/>
        <line num="439" count="786" type="cond" truecount="2" falsecount="0"/>
        <line num="440" count="24" type="stmt"/>
        <line num="441" count="24" type="cond" truecount="2" falsecount="0"/>
        <line num="446" count="23" type="stmt"/>
        <line num="453" count="23" type="stmt"/>
        <line num="456" count="24" type="stmt"/>
        <line num="460" count="762" type="cond" truecount="2" falsecount="2"/>
        <line num="461" count="0" type="cond" truecount="0" falsecount="4"/>
        <line num="462" count="0" type="stmt"/>
        <line num="465" count="0" type="stmt"/>
        <line num="470" count="762" type="stmt"/>
        <line num="474" count="41" type="stmt"/>
        <line num="475" count="104" type="stmt"/>
        <line num="478" count="41" type="stmt"/>
        <line num="486" count="37" type="stmt"/>
        <line num="487" count="23" type="cond" truecount="2" falsecount="0"/>
        <line num="488" count="8" type="stmt"/>
        <line num="491" count="37" type="cond" truecount="2" falsecount="0"/>
        <line num="492" count="37" type="stmt"/>
        <line num="493" count="37" type="stmt"/>
        <line num="494" count="37" type="stmt"/>
        <line num="495" count="37" type="stmt"/>
        <line num="497" count="37" type="stmt"/>
        <line num="516" count="23" type="stmt"/>
        <line num="517" count="35" type="cond" truecount="2" falsecount="0"/>
        <line num="518" count="7" type="stmt"/>
        <line num="521" count="23" type="cond" truecount="1" falsecount="1"/>
        <line num="523" count="23" type="stmt"/>
        <line num="524" count="23" type="stmt"/>
        <line num="525" count="23" type="stmt"/>
        <line num="526" count="23" type="stmt"/>
        <line num="528" count="23" type="stmt"/>
        <line num="545" count="41" type="stmt"/>
        <line num="547" count="41" type="stmt"/>
        <line num="550" count="104" type="cond" truecount="4" falsecount="0"/>
        <line num="551" count="7" type="stmt"/>
        <line num="554" count="104" type="cond" truecount="2" falsecount="0"/>
        <line num="556" count="7" type="stmt"/>
        <line num="557" count="7" type="stmt"/>
        <line num="558" count="7" type="stmt"/>
        <line num="561" count="7" type="cond" truecount="1" falsecount="1"/>
        <line num="562" count="7" type="stmt"/>
        <line num="563" count="7" type="cond" truecount="1" falsecount="1"/>
        <line num="564" count="7" type="stmt"/>
        <line num="565" count="7" type="stmt"/>
        <line num="572" count="7" type="stmt"/>
        <line num="573" count="35" type="cond" truecount="4" falsecount="0"/>
        <line num="574" count="14" type="stmt"/>
        <line num="575" count="21" type="cond" truecount="2" falsecount="0"/>
        <line num="576" count="7" type="stmt"/>
        <line num="577" count="14" type="cond" truecount="3" falsecount="1"/>
        <line num="578" count="14" type="stmt"/>
        <line num="583" count="7" type="stmt"/>
        <line num="584" count="7" type="stmt"/>
        <line num="585" count="7" type="stmt"/>
        <line num="587" count="7" type="stmt"/>
        <line num="598" count="41" type="stmt"/>
        <line num="606" count="41" type="stmt"/>
        <line num="608" count="41" type="stmt"/>
        <line num="610" count="104" type="cond" truecount="2" falsecount="0"/>
        <line num="611" count="19" type="stmt"/>
        <line num="612" count="36" type="stmt"/>
        <line num="613" count="29" type="stmt"/>
        <line num="616" count="19" type="stmt"/>
        <line num="617" count="36" type="stmt"/>
        <line num="618" count="7" type="stmt"/>
        <line num="620" count="19" type="stmt"/>
        <line num="631" count="104" type="cond" truecount="2" falsecount="0"/>
        <line num="632" count="5" type="stmt"/>
        <line num="633" count="5" type="cond" truecount="1" falsecount="1"/>
        <line num="634" count="0" type="stmt"/>
        <line num="635" count="0" type="cond" truecount="0" falsecount="4"/>
        <line num="636" count="0" type="stmt"/>
        <line num="641" count="5" type="stmt"/>
        <line num="652" count="104" type="cond" truecount="2" falsecount="0"/>
        <line num="653" count="15" type="stmt"/>
        <line num="655" count="5" type="stmt"/>
        <line num="666" count="41" type="stmt"/>
        <line num="680" count="60" type="cond" truecount="5" falsecount="0"/>
        <line num="681" count="44" type="stmt"/>
        <line num="685" count="16" type="cond" truecount="1" falsecount="1"/>
        <line num="686" count="16" type="stmt"/>
        <line num="690" count="228" type="cond" truecount="2" falsecount="0"/>
        <line num="695" count="16" type="stmt"/>
        <line num="698" count="212" type="stmt"/>
        <line num="699" count="212" type="stmt"/>
        <line num="700" count="212" type="cond" truecount="4" falsecount="0"/>
        <line num="701" count="37" type="stmt"/>
        <line num="704" count="212" type="stmt"/>
        <line num="715" count="16" type="stmt"/>
        <line num="718" count="16" type="stmt"/>
        <line num="719" count="473" type="cond" truecount="4" falsecount="0"/>
        <line num="720" count="466" type="cond" truecount="2" falsecount="0"/>
        <line num="721" count="16" type="stmt"/>
        <line num="722" count="16" type="cond" truecount="2" falsecount="0"/>
        <line num="728" count="9" type="stmt"/>
        <line num="733" count="457" type="stmt"/>
        <line num="734" count="480" type="cond" truecount="2" falsecount="0"/>
        <line num="736" count="457" type="stmt"/>
        <line num="739" count="16" type="stmt"/>
        <line num="740" count="16" type="cond" truecount="4" falsecount="0"/>
        <line num="742" count="14" type="stmt"/>
        <line num="745" count="14" type="cond" truecount="1" falsecount="1"/>
        <line num="746" count="14" type="stmt"/>
        <line num="747" count="21" type="cond" truecount="3" falsecount="1"/>
        <line num="748" count="21" type="stmt"/>
        <line num="751" count="0" type="cond" truecount="0" falsecount="2"/>
        <line num="754" count="0" type="stmt"/>
        <line num="755" count="0" type="cond" truecount="0" falsecount="4"/>
        <line num="756" count="0" type="stmt"/>
        <line num="759" count="0" type="cond" truecount="0" falsecount="2"/>
        <line num="762" count="0" type="stmt"/>
        <line num="765" count="14" type="stmt"/>
        <line num="773" count="16" type="cond" truecount="1" falsecount="1"/>
        <line num="775" count="16" type="stmt"/>
        <line num="777" count="16" type="stmt"/>
        <line num="778" count="639" type="cond" truecount="2" falsecount="0"/>
        <line num="779" count="28" type="stmt"/>
        <line num="780" count="28" type="cond" truecount="4" falsecount="0"/>
        <line num="781" count="14" type="stmt"/>
        <line num="784" count="639" type="stmt"/>
        <line num="787" count="16" type="stmt"/>
        <line num="788" count="16" type="stmt"/>
        <line num="799" count="53" type="stmt"/>
        <line num="801" count="53" type="stmt"/>
        <line num="802" count="980" type="cond" truecount="2" falsecount="0"/>
        <line num="803" count="53" type="stmt"/>
        <line num="804" count="53" type="cond" truecount="2" falsecount="0"/>
        <line num="806" count="980" type="stmt"/>
        <line num="809" count="53" type="stmt"/>
        <line num="810" count="53" type="stmt"/>
        <line num="818" count="16" type="stmt"/>
        <line num="820" count="16" type="stmt"/>
        <line num="821" count="639" type="cond" truecount="4" falsecount="0"/>
        <line num="822" count="37" type="stmt"/>
        <line num="823" count="37" type="cond" truecount="4" falsecount="0"/>
        <line num="824" count="7" type="stmt"/>
        <line num="827" count="639" type="stmt"/>
        <line num="830" count="16" type="stmt"/>
        <line num="831" count="16" type="stmt"/>
        <line num="841" count="81" type="cond" truecount="2" falsecount="0"/>
        <line num="842" count="64" type="stmt"/>
        <line num="844" count="17" type="stmt"/>
        <line num="856" count="60" type="stmt"/>
        <line num="858" count="60" type="stmt"/>
        <line num="859" count="1407" type="cond" truecount="2" falsecount="0"/>
        <line num="860" count="9" type="stmt"/>
        <line num="863" count="1407" type="cond" truecount="1" falsecount="1"/>
        <line num="868" count="0" type="stmt"/>
        <line num="870" count="1407" type="stmt"/>
        <line num="873" count="60" type="stmt"/>
        <line num="874" count="60" type="stmt"/>
        <line num="883" count="96" type="cond" truecount="1" falsecount="1"/>
        <line num="884" count="96" type="stmt"/>
        <line num="885" count="96" type="cond" truecount="2" falsecount="0"/>
        <line num="886" count="68" type="stmt"/>
        <line num="891" count="28" type="cond" truecount="3" falsecount="1"/>
        <line num="892" count="0" type="stmt"/>
        <line num="895" count="28" type="stmt"/>
        <line num="899" count="21" type="cond" truecount="3" falsecount="0"/>
        <line num="913" count="123" type="stmt"/>
        <line num="914" count="123" type="stmt"/>
        <line num="916" count="123" type="stmt"/>
        <line num="917" count="441" type="cond" truecount="2" falsecount="0"/>
        <line num="918" count="91" type="stmt"/>
        <line num="919" count="91" type="stmt"/>
        <line num="923" count="123" type="stmt"/>
        <line num="937" count="36" type="stmt"/>
        <line num="938" count="36" type="cond" truecount="1" falsecount="1"/>
        <line num="940" count="36" type="stmt"/>
        <line num="952" count="36" type="stmt"/>
        <line num="960" count="44" type="stmt"/>
        <line num="961" count="44" type="stmt"/>
        <line num="965" count="7" type="stmt"/>
        <line num="966" count="7" type="stmt"/>
        <line num="970" count="16" type="stmt"/>
        <line num="971" count="16" type="stmt"/>
        <line num="975" count="29" type="stmt"/>
        <line num="976" count="29" type="stmt"/>
        <line num="984" count="7" type="stmt"/>
        <line num="985" count="7" type="cond" truecount="2" falsecount="3"/>
        <line num="987" count="2" type="stmt"/>
        <line num="989" count="5" type="stmt"/>
        <line num="991" count="0" type="stmt"/>
        <line num="993" count="0" type="stmt"/>
        <line num="995" count="0" type="stmt"/>
        <line num="1000" count="7" type="stmt"/>
        <line num="1001" count="7" type="stmt"/>
      </file>
      <file name="builder.ts" path="/Users/subash.karki/phantom-os/.claude/worktrees/feat+ai-engine/packages/ai-engine/src/graph/builder.ts">
        <metrics statements="119" coveredstatements="113" conditionals="60" coveredconditionals="43" methods="14" coveredmethods="14"/>
        <line num="17" count="4" type="stmt"/>
        <line num="23" count="4" type="stmt"/>
        <line num="29" count="4" type="stmt"/>
        <line num="56" count="38" type="stmt"/>
        <line num="57" count="38" type="stmt"/>
        <line num="59" count="38" type="stmt"/>
        <line num="71" count="26" type="stmt"/>
        <line num="72" count="26" type="stmt"/>
        <line num="75" count="26" type="stmt"/>
        <line num="77" count="26" type="stmt"/>
        <line num="86" count="26" type="stmt"/>
        <line num="87" count="26" type="stmt"/>
        <line num="88" count="101" type="stmt"/>
        <line num="89" count="101" type="stmt"/>
        <line num="90" count="101" type="stmt"/>
        <line num="92" count="0" type="stmt"/>
        <line num="104" count="26" type="stmt"/>
        <line num="105" count="101" type="stmt"/>
        <line num="106" count="101" type="stmt"/>
        <line num="107" count="101" type="cond" truecount="1" falsecount="1"/>
        <line num="108" count="101" type="stmt"/>
        <line num="109" count="101" type="stmt"/>
        <line num="111" count="0" type="stmt"/>
        <line num="122" count="101" type="stmt"/>
        <line num="133" count="26" type="stmt"/>
        <line num="151" count="8" type="stmt"/>
        <line num="152" count="8" type="stmt"/>
        <line num="153" count="8" type="stmt"/>
        <line num="156" count="8" type="stmt"/>
        <line num="157" count="8" type="cond" truecount="2" falsecount="0"/>
        <line num="158" count="1" type="stmt"/>
        <line num="161" count="8" type="stmt"/>
        <line num="162" count="8" type="stmt"/>
        <line num="177" count="109" type="stmt"/>
        <line num="178" count="109" type="stmt"/>
        <line num="179" count="109" type="stmt"/>
        <line num="181" count="109" type="stmt"/>
        <line num="182" count="109" type="stmt"/>
        <line num="184" count="109" type="stmt"/>
        <line num="187" count="109" type="stmt"/>
        <line num="202" count="109" type="cond" truecount="2" falsecount="0"/>
        <line num="203" count="108" type="stmt"/>
        <line num="204" count="108" type="cond" truecount="1" falsecount="1"/>
        <line num="205" count="108" type="stmt"/>
        <line num="206" count="108" type="cond" truecount="2" falsecount="0"/>
        <line num="207" count="119" type="stmt"/>
        <line num="212" count="109" type="stmt"/>
        <line num="213" count="109" type="stmt"/>
        <line num="226" count="109" type="stmt"/>
        <line num="227" count="109" type="stmt"/>
        <line num="230" count="109" type="cond" truecount="2" falsecount="0"/>
        <line num="232" count="108" type="stmt"/>
        <line num="233" count="108" type="cond" truecount="1" falsecount="1"/>
        <line num="235" count="108" type="stmt"/>
        <line num="237" count="108" type="stmt"/>
        <line num="238" count="128" type="cond" truecount="2" falsecount="0"/>
        <line num="239" count="54" type="stmt"/>
        <line num="241" count="74" type="stmt"/>
        <line num="261" count="54" type="stmt"/>
        <line num="262" count="54" type="stmt"/>
        <line num="263" count="54" type="cond" truecount="2" falsecount="0"/>
        <line num="265" count="53" type="stmt"/>
        <line num="266" count="53" type="stmt"/>
        <line num="267" count="53" type="stmt"/>
        <line num="268" count="53" type="stmt"/>
        <line num="271" count="53" type="cond" truecount="1" falsecount="1"/>
        <line num="273" count="53" type="stmt"/>
        <line num="285" count="53" type="stmt"/>
        <line num="297" count="74" type="stmt"/>
        <line num="298" count="74" type="stmt"/>
        <line num="299" count="74" type="stmt"/>
        <line num="302" count="74" type="cond" truecount="2" falsecount="0"/>
        <line num="303" count="39" type="stmt"/>
        <line num="314" count="39" type="stmt"/>
        <line num="317" count="74" type="stmt"/>
        <line num="320" count="74" type="cond" truecount="1" falsecount="1"/>
        <line num="322" count="74" type="stmt"/>
        <line num="334" count="74" type="stmt"/>
        <line num="352" count="54" type="cond" truecount="1" falsecount="1"/>
        <line num="355" count="54" type="stmt"/>
        <line num="356" count="54" type="cond" truecount="2" falsecount="0"/>
        <line num="358" count="53" type="stmt"/>
        <line num="359" count="1" type="cond" truecount="1" falsecount="1"/>
        <line num="361" count="0" type="stmt"/>
        <line num="362" count="1" type="cond" truecount="1" falsecount="1"/>
        <line num="364" count="0" type="stmt"/>
        <line num="371" count="54" type="stmt"/>
        <line num="372" count="54" type="stmt"/>
        <line num="375" count="54" type="stmt"/>
        <line num="376" count="71" type="stmt"/>
        <line num="377" count="71" type="cond" truecount="2" falsecount="0"/>
        <line num="381" count="1" type="stmt"/>
        <line num="382" count="1" type="stmt"/>
        <line num="383" count="1" type="cond" truecount="1" falsecount="1"/>
        <line num="387" count="1" type="stmt"/>
        <line num="388" count="1" type="cond" truecount="1" falsecount="1"/>
        <line num="390" count="1" type="stmt"/>
        <line num="401" count="69" type="stmt"/>
        <line num="402" count="69" type="stmt"/>
        <line num="404" count="69" type="stmt"/>
        <line num="405" count="181" type="cond" truecount="2" falsecount="0"/>
        <line num="406" count="80" type="cond" truecount="2" falsecount="0"/>
        <line num="407" count="43" type="stmt"/>
        <line num="408" count="43" type="stmt"/>
        <line num="409" count="101" type="cond" truecount="1" falsecount="1"/>
        <line num="410" count="101" type="stmt"/>
        <line num="411" count="101" type="cond" truecount="1" falsecount="1"/>
        <line num="412" count="101" type="stmt"/>
        <line num="417" count="69" type="stmt"/>
        <line num="426" count="289" type="stmt"/>
        <line num="430" count="74" type="stmt"/>
        <line num="434" count="127" type="stmt"/>
        <line num="453" count="74" type="cond" truecount="2" falsecount="0"/>
        <line num="454" count="5" type="stmt"/>
        <line num="458" count="69" type="cond" truecount="2" falsecount="0"/>
        <line num="460" count="52" type="cond" truecount="1" falsecount="1"/>
        <line num="462" count="0" type="stmt"/>
        <line num="463" count="0" type="stmt"/>
        <line num="467" count="52" type="stmt"/>
      </file>
      <file name="in-memory-graph.ts" path="/Users/subash.karki/phantom-os/.claude/worktrees/feat+ai-engine/packages/ai-engine/src/graph/in-memory-graph.ts">
        <metrics statements="118" coveredstatements="113" conditionals="61" coveredconditionals="44" methods="18" coveredmethods="18"/>
        <line num="20" count="120" type="stmt"/>
        <line num="23" count="120" type="stmt"/>
        <line num="26" count="120" type="stmt"/>
        <line num="29" count="120" type="stmt"/>
        <line num="32" count="120" type="stmt"/>
        <line num="35" count="120" type="stmt"/>
        <line num="42" count="440" type="stmt"/>
        <line num="45" count="440" type="cond" truecount="1" falsecount="1"/>
        <line num="46" count="440" type="stmt"/>
        <line num="48" count="440" type="cond" truecount="1" falsecount="1"/>
        <line num="49" count="440" type="stmt"/>
        <line num="53" count="440" type="cond" truecount="2" falsecount="0"/>
        <line num="54" count="283" type="stmt"/>
        <line num="56" count="440" type="cond" truecount="2" falsecount="0"/>
        <line num="57" count="67" type="stmt"/>
        <line num="62" count="296" type="stmt"/>
        <line num="64" count="296" type="stmt"/>
        <line num="65" count="296" type="cond" truecount="1" falsecount="1"/>
        <line num="66" count="0" type="stmt"/>
        <line num="67" count="0" type="stmt"/>
        <line num="69" count="296" type="stmt"/>
        <line num="71" count="296" type="stmt"/>
        <line num="72" count="296" type="cond" truecount="1" falsecount="1"/>
        <line num="73" count="0" type="stmt"/>
        <line num="74" count="0" type="stmt"/>
        <line num="76" count="296" type="stmt"/>
        <line num="80" count="12" type="stmt"/>
        <line num="81" count="12" type="cond" truecount="2" falsecount="0"/>
        <line num="84" count="11" type="stmt"/>
        <line num="85" count="11" type="cond" truecount="1" falsecount="1"/>
        <line num="86" count="11" type="stmt"/>
        <line num="87" count="3" type="stmt"/>
        <line num="91" count="11" type="stmt"/>
        <line num="92" count="11" type="cond" truecount="1" falsecount="1"/>
        <line num="93" count="11" type="stmt"/>
        <line num="94" count="1" type="stmt"/>
        <line num="99" count="11" type="cond" truecount="1" falsecount="1"/>
        <line num="100" count="11" type="stmt"/>
        <line num="102" count="11" type="cond" truecount="1" falsecount="1"/>
        <line num="103" count="0" type="stmt"/>
        <line num="106" count="11" type="stmt"/>
        <line num="107" count="11" type="stmt"/>
        <line num="108" count="11" type="stmt"/>
        <line num="112" count="1" type="stmt"/>
        <line num="120" count="267" type="stmt"/>
        <line num="124" count="119" type="stmt"/>
        <line num="128" count="157" type="stmt"/>
        <line num="129" count="157" type="cond" truecount="2" falsecount="0"/>
        <line num="130" count="119" type="stmt"/>
        <line num="134" count="1" type="stmt"/>
        <line num="135" count="1" type="cond" truecount="1" falsecount="1"/>
        <line num="136" count="1" type="stmt"/>
        <line num="144" count="51" type="stmt"/>
        <line num="145" count="51" type="cond" truecount="2" falsecount="0"/>
        <line num="146" count="50" type="stmt"/>
        <line num="147" count="50" type="stmt"/>
        <line num="148" count="43" type="stmt"/>
        <line num="149" count="43" type="cond" truecount="1" falsecount="1"/>
        <line num="151" count="50" type="stmt"/>
        <line num="155" count="54" type="stmt"/>
        <line num="156" count="54" type="cond" truecount="2" falsecount="0"/>
        <line num="157" count="53" type="stmt"/>
        <line num="158" count="53" type="stmt"/>
        <line num="159" count="40" type="stmt"/>
        <line num="160" count="40" type="cond" truecount="1" falsecount="1"/>
        <line num="162" count="53" type="stmt"/>
        <line num="175" count="10" type="stmt"/>
        <line num="176" count="10" type="stmt"/>
        <line num="178" count="10" type="stmt"/>
        <line num="180" count="10" type="stmt"/>
        <line num="181" count="12" type="stmt"/>
        <line num="183" count="12" type="stmt"/>
        <line num="185" count="12" type="stmt"/>
        <line num="186" count="12" type="cond" truecount="1" falsecount="1"/>
        <line num="187" count="12" type="stmt"/>
        <line num="188" count="13" type="stmt"/>
        <line num="189" count="13" type="cond" truecount="4" falsecount="0"/>
        <line num="190" count="12" type="stmt"/>
        <line num="191" count="12" type="stmt"/>
        <line num="197" count="12" type="stmt"/>
        <line num="198" count="12" type="cond" truecount="1" falsecount="1"/>
        <line num="199" count="12" type="stmt"/>
        <line num="200" count="8" type="stmt"/>
        <line num="201" count="8" type="cond" truecount="4" falsecount="0"/>
        <line num="202" count="5" type="stmt"/>
        <line num="203" count="5" type="stmt"/>
        <line num="209" count="12" type="stmt"/>
        <line num="210" count="12" type="cond" truecount="2" falsecount="0"/>
        <line num="214" count="10" type="stmt"/>
        <line num="215" count="10" type="stmt"/>
        <line num="216" count="10" type="stmt"/>
        <line num="217" count="17" type="stmt"/>
        <line num="218" count="17" type="cond" truecount="1" falsecount="1"/>
        <line num="220" count="10" type="stmt"/>
        <line num="228" count="10" type="stmt"/>
        <line num="229" count="10" type="stmt"/>
        <line num="230" count="46" type="cond" truecount="2" falsecount="0"/>
        <line num="232" count="10" type="stmt"/>
        <line num="236" count="133" type="stmt"/>
        <line num="237" count="133" type="stmt"/>
        <line num="238" count="465" type="cond" truecount="2" falsecount="0"/>
        <line num="240" count="133" type="stmt"/>
        <line num="248" count="39" type="stmt"/>
        <line num="252" count="9" type="stmt"/>
        <line num="256" count="1" type="stmt"/>
        <line num="257" count="1" type="stmt"/>
        <line num="258" count="1" type="stmt"/>
        <line num="259" count="1" type="stmt"/>
        <line num="260" count="1" type="stmt"/>
        <line num="261" count="1" type="stmt"/>
        <line num="269" count="65" type="stmt"/>
        <line num="285" count="5" type="stmt"/>
        <line num="286" count="5" type="cond" truecount="1" falsecount="1"/>
        <line num="289" count="5" type="stmt"/>
        <line num="290" count="5" type="cond" truecount="1" falsecount="1"/>
        <line num="293" count="5" type="stmt"/>
        <line num="294" count="5" type="cond" truecount="1" falsecount="1"/>
        <line num="296" count="5" type="stmt"/>
      </file>
      <file name="incremental.ts" path="/Users/subash.karki/phantom-os/.claude/worktrees/feat+ai-engine/packages/ai-engine/src/graph/incremental.ts">
        <metrics statements="78" coveredstatements="76" conditionals="28" coveredconditionals="24" methods="10" coveredmethods="10"/>
        <line num="22" count="12" type="stmt"/>
        <line num="23" count="12" type="stmt"/>
        <line num="27" count="12" type="stmt"/>
        <line num="28" count="12" type="stmt"/>
        <line num="29" count="12" type="stmt"/>
        <line num="30" count="12" type="stmt"/>
        <line num="31" count="12" type="stmt"/>
        <line num="34" count="12" type="cond" truecount="1" falsecount="1"/>
        <line num="42" count="12" type="stmt"/>
        <line num="44" count="12" type="cond" truecount="2" falsecount="0"/>
        <line num="45" count="12" type="stmt"/>
        <line num="52" count="9" type="cond" truecount="2" falsecount="0"/>
        <line num="53" count="7" type="stmt"/>
        <line num="54" count="7" type="stmt"/>
        <line num="57" count="9" type="cond" truecount="2" falsecount="0"/>
        <line num="59" count="7" type="stmt"/>
        <line num="60" count="7" type="stmt"/>
        <line num="63" count="7" type="stmt"/>
        <line num="64" count="7" type="stmt"/>
        <line num="65" count="11" type="stmt"/>
        <line num="67" count="7" type="stmt"/>
        <line num="69" count="7" type="stmt"/>
        <line num="72" count="8" type="stmt"/>
        <line num="76" count="7" type="stmt"/>
        <line num="77" count="7" type="stmt"/>
        <line num="78" count="7" type="stmt"/>
        <line num="80" count="7" type="stmt"/>
        <line num="81" count="8" type="stmt"/>
        <line num="83" count="8" type="cond" truecount="2" falsecount="0"/>
        <line num="84" count="1" type="stmt"/>
        <line num="85" count="1" type="stmt"/>
        <line num="86" count="1" type="stmt"/>
        <line num="89" count="7" type="stmt"/>
        <line num="90" count="7" type="cond" truecount="2" falsecount="0"/>
        <line num="92" count="6" type="stmt"/>
        <line num="93" count="6" type="stmt"/>
        <line num="94" count="6" type="stmt"/>
        <line num="96" count="6" type="stmt"/>
        <line num="97" count="6" type="cond" truecount="1" falsecount="1"/>
        <line num="98" count="6" type="stmt"/>
        <line num="104" count="7" type="stmt"/>
        <line num="118" count="9" type="stmt"/>
        <line num="119" count="9" type="cond" truecount="2" falsecount="0"/>
        <line num="121" count="8" type="stmt"/>
        <line num="122" count="8" type="stmt"/>
        <line num="123" count="8" type="stmt"/>
        <line num="124" count="8" type="stmt"/>
        <line num="125" count="8" type="stmt"/>
        <line num="128" count="0" type="stmt"/>
        <line num="137" count="7" type="stmt"/>
        <line num="138" count="7" type="cond" truecount="2" falsecount="0"/>
        <line num="140" count="6" type="stmt"/>
        <line num="141" count="6" type="stmt"/>
        <line num="142" count="6" type="stmt"/>
        <line num="144" count="6" type="stmt"/>
        <line num="145" count="6" type="stmt"/>
        <line num="152" count="1" type="stmt"/>
        <line num="153" count="2" type="stmt"/>
        <line num="156" count="1" type="stmt"/>
        <line num="164" count="3" type="stmt"/>
        <line num="165" count="3" type="stmt"/>
        <line num="167" count="3" type="stmt"/>
        <line num="168" count="3" type="cond" truecount="1" falsecount="1"/>
        <line num="169" count="3" type="stmt"/>
        <line num="171" count="3" type="stmt"/>
        <line num="172" count="3" type="stmt"/>
        <line num="173" count="3" type="stmt"/>
        <line num="174" count="3" type="cond" truecount="2" falsecount="0"/>
        <line num="175" count="2" type="stmt"/>
        <line num="176" count="2" type="cond" truecount="1" falsecount="1"/>
        <line num="180" count="0" type="stmt"/>
        <line num="184" count="3" type="cond" truecount="2" falsecount="0"/>
        <line num="185" count="2" type="stmt"/>
        <line num="193" count="3" type="stmt"/>
        <line num="198" count="13" type="cond" truecount="2" falsecount="0"/>
        <line num="199" count="1" type="stmt"/>
        <line num="200" count="1" type="stmt"/>
        <line num="202" count="13" type="stmt"/>
      </file>
      <file name="persistence.ts" path="/Users/subash.karki/phantom-os/.claude/worktrees/feat+ai-engine/packages/ai-engine/src/graph/persistence.ts">
        <metrics statements="32" coveredstatements="31" conditionals="40" coveredconditionals="27" methods="13" coveredmethods="13"/>
        <line num="14" count="17" type="stmt"/>
        <line num="23" count="12" type="cond" truecount="2" falsecount="0"/>
        <line num="25" count="11" type="stmt"/>
        <line num="37" count="11" type="stmt"/>
        <line num="38" count="11" type="stmt"/>
        <line num="39" count="18" type="stmt"/>
        <line num="53" count="11" type="stmt"/>
        <line num="58" count="7" type="stmt"/>
        <line num="72" count="7" type="stmt"/>
        <line num="73" count="5" type="stmt"/>
        <line num="82" count="5" type="cond" truecount="2" falsecount="0"/>
        <line num="83" count="4" type="cond" truecount="1" falsecount="1"/>
        <line num="85" count="1" type="cond" truecount="1" falsecount="1"/>
        <line num="86" count="1" type="stmt"/>
        <line num="89" count="0" type="stmt"/>
        <line num="99" count="7" type="cond" truecount="2" falsecount="0"/>
        <line num="101" count="6" type="stmt"/>
        <line num="113" count="6" type="stmt"/>
        <line num="114" count="6" type="stmt"/>
        <line num="115" count="7" type="stmt"/>
        <line num="129" count="6" type="stmt"/>
        <line num="134" count="6" type="stmt"/>
        <line num="148" count="6" type="stmt"/>
        <line num="167" count="4" type="stmt"/>
        <line num="192" count="4" type="stmt"/>
        <line num="204" count="4" type="cond" truecount="2" falsecount="0"/>
        <line num="206" count="2" type="stmt"/>
        <line num="225" count="1" type="stmt"/>
        <line num="226" count="1" type="stmt"/>
        <line num="227" count="1" type="stmt"/>
        <line num="228" count="1" type="stmt"/>
        <line num="231" count="1" type="stmt"/>
      </file>
      <file name="query.ts" path="/Users/subash.karki/phantom-os/.claude/worktrees/feat+ai-engine/packages/ai-engine/src/graph/query.ts">
        <metrics statements="108" coveredstatements="108" conditionals="64" coveredconditionals="56" methods="12" coveredmethods="12"/>
        <line num="19" count="23" type="stmt"/>
        <line num="26" count="7" type="stmt"/>
        <line num="27" count="7" type="cond" truecount="2" falsecount="0"/>
        <line num="28" count="1" type="stmt"/>
        <line num="31" count="6" type="stmt"/>
        <line num="32" count="6" type="stmt"/>
        <line num="33" count="6" type="stmt"/>
        <line num="34" count="6" type="stmt"/>
        <line num="35" count="6" type="stmt"/>
        <line num="38" count="6" type="stmt"/>
        <line num="41" count="6" type="stmt"/>
        <line num="43" count="6" type="stmt"/>
        <line num="44" count="28" type="stmt"/>
        <line num="45" count="28" type="stmt"/>
        <line num="46" count="28" type="cond" truecount="1" falsecount="1"/>
        <line num="49" count="28" type="stmt"/>
        <line num="51" count="28" type="cond" truecount="2" falsecount="0"/>
        <line num="52" count="22" type="stmt"/>
        <line num="53" count="22" type="stmt"/>
        <line num="54" count="6" type="cond" truecount="1" falsecount="1"/>
        <line num="55" count="6" type="stmt"/>
        <line num="59" count="28" type="cond" truecount="2" falsecount="0"/>
        <line num="60" count="22" type="stmt"/>
        <line num="61" count="22" type="stmt"/>
        <line num="63" count="22" type="stmt"/>
        <line num="64" count="48" type="stmt"/>
        <line num="65" count="48" type="cond" truecount="2" falsecount="0"/>
        <line num="66" count="48" type="cond" truecount="2" falsecount="0"/>
        <line num="67" count="22" type="stmt"/>
        <line num="68" count="22" type="stmt"/>
        <line num="75" count="48" type="stmt"/>
        <line num="77" count="6" type="stmt"/>
        <line num="86" count="5" type="stmt"/>
        <line num="87" count="5" type="cond" truecount="2" falsecount="0"/>
        <line num="88" count="1" type="stmt"/>
        <line num="91" count="4" type="stmt"/>
        <line num="92" count="4" type="stmt"/>
        <line num="93" count="4" type="stmt"/>
        <line num="96" count="4" type="stmt"/>
        <line num="97" count="4" type="stmt"/>
        <line num="98" count="3" type="cond" truecount="3" falsecount="1"/>
        <line num="99" count="3" type="stmt"/>
        <line num="100" count="3" type="cond" truecount="1" falsecount="1"/>
        <line num="101" count="3" type="stmt"/>
        <line num="102" count="3" type="stmt"/>
        <line num="108" count="4" type="stmt"/>
        <line num="109" count="4" type="stmt"/>
        <line num="110" count="7" type="stmt"/>
        <line num="111" count="7" type="stmt"/>
        <line num="112" count="7" type="stmt"/>
        <line num="113" count="4" type="cond" truecount="3" falsecount="1"/>
        <line num="114" count="4" type="stmt"/>
        <line num="115" count="4" type="cond" truecount="1" falsecount="1"/>
        <line num="116" count="4" type="stmt"/>
        <line num="117" count="4" type="stmt"/>
        <line num="118" count="4" type="stmt"/>
        <line num="125" count="4" type="stmt"/>
        <line num="126" count="4" type="stmt"/>
        <line num="127" count="4" type="cond" truecount="1" falsecount="1"/>
        <line num="129" count="5" type="stmt"/>
        <line num="137" count="4" type="stmt"/>
        <line num="138" count="4" type="stmt"/>
        <line num="140" count="4" type="stmt"/>
        <line num="141" count="5" type="stmt"/>
        <line num="142" count="5" type="cond" truecount="2" falsecount="0"/>
        <line num="143" count="4" type="stmt"/>
        <line num="146" count="4" type="stmt"/>
        <line num="147" count="5" type="stmt"/>
        <line num="148" count="5" type="cond" truecount="2" falsecount="0"/>
        <line num="150" count="4" type="stmt"/>
        <line num="151" count="4" type="stmt"/>
        <line num="152" count="10" type="cond" truecount="4" falsecount="0"/>
        <line num="153" count="6" type="stmt"/>
        <line num="154" count="6" type="stmt"/>
        <line num="159" count="4" type="stmt"/>
        <line num="166" count="2" type="stmt"/>
        <line num="167" count="10" type="stmt"/>
        <line num="168" count="5" type="stmt"/>
        <line num="169" count="5" type="stmt"/>
        <line num="170" count="2" type="stmt"/>
        <line num="171" count="5" type="cond" truecount="4" falsecount="0"/>
        <line num="174" count="2" type="stmt"/>
        <line num="192" count="5" type="stmt"/>
        <line num="193" count="5" type="stmt"/>
        <line num="194" count="5" type="cond" truecount="4" falsecount="0"/>
        <line num="195" count="4" type="cond" truecount="2" falsecount="0"/>
        <line num="198" count="3" type="stmt"/>
        <line num="199" count="3" type="stmt"/>
        <line num="200" count="3" type="stmt"/>
        <line num="202" count="3" type="stmt"/>
        <line num="203" count="12" type="stmt"/>
        <line num="204" count="12" type="cond" truecount="2" falsecount="0"/>
        <line num="206" count="10" type="stmt"/>
        <line num="207" count="10" type="stmt"/>
        <line num="208" count="10" type="stmt"/>
        <line num="209" count="22" type="cond" truecount="2" falsecount="0"/>
        <line num="210" count="22" type="cond" truecount="2" falsecount="0"/>
        <line num="211" count="11" type="stmt"/>
        <line num="212" count="11" type="stmt"/>
        <line num="213" count="11" type="stmt"/>
        <line num="218" count="3" type="cond" truecount="4" falsecount="0"/>
        <line num="221" count="2" type="stmt"/>
        <line num="222" count="2" type="stmt"/>
        <line num="223" count="2" type="stmt"/>
        <line num="224" count="6" type="stmt"/>
        <line num="225" count="6" type="cond" truecount="1" falsecount="1"/>
        <line num="226" count="6" type="stmt"/>
        <line num="229" count="2" type="stmt"/>
      </file>
    </package>
    <package name="graph.parsers">
      <metrics statements="135" coveredstatements="134" conditionals="20" coveredconditionals="14" methods="19" coveredmethods="19"/>
      <file name="go.ts" path="/Users/subash.karki/phantom-os/.claude/worktrees/feat+ai-engine/packages/ai-engine/src/graph/parsers/go.ts">
        <metrics statements="23" coveredstatements="23" conditionals="4" coveredconditionals="3" methods="3" coveredmethods="3"/>
        <line num="9" count="4" type="stmt"/>
        <line num="12" count="4" type="stmt"/>
        <line num="15" count="4" type="stmt"/>
        <line num="18" count="48" type="stmt"/>
        <line num="19" count="48" type="stmt"/>
        <line num="22" count="8" type="stmt"/>
        <line num="23" count="8" type="stmt"/>
        <line num="27" count="8" type="stmt"/>
        <line num="28" count="8" type="stmt"/>
        <line num="30" count="8" type="stmt"/>
        <line num="31" count="13" type="cond" truecount="1" falsecount="1"/>
        <line num="32" count="13" type="stmt"/>
        <line num="33" count="13" type="stmt"/>
        <line num="41" count="8" type="stmt"/>
        <line num="43" count="8" type="stmt"/>
        <line num="44" count="4" type="stmt"/>
        <line num="45" count="4" type="stmt"/>
        <line num="47" count="4" type="stmt"/>
        <line num="48" count="9" type="stmt"/>
        <line num="54" count="8" type="stmt"/>
        <line num="56" count="8" type="stmt"/>
        <line num="57" count="4" type="stmt"/>
        <line num="60" count="8" type="stmt"/>
      </file>
      <file name="index.ts" path="/Users/subash.karki/phantom-os/.claude/worktrees/feat+ai-engine/packages/ai-engine/src/graph/parsers/index.ts">
        <metrics statements="0" coveredstatements="0" conditionals="0" coveredconditionals="0" methods="0" coveredmethods="0"/>
      </file>
      <file name="java.ts" path="/Users/subash.karki/phantom-os/.claude/worktrees/feat+ai-engine/packages/ai-engine/src/graph/parsers/java.ts">
        <metrics statements="15" coveredstatements="15" conditionals="2" coveredconditionals="1" methods="2" coveredmethods="2"/>
        <line num="9" count="4" type="stmt"/>
        <line num="12" count="4" type="stmt"/>
        <line num="15" count="48" type="stmt"/>
        <line num="16" count="48" type="stmt"/>
        <line num="19" count="6" type="stmt"/>
        <line num="20" count="6" type="stmt"/>
        <line num="24" count="6" type="stmt"/>
        <line num="25" count="6" type="stmt"/>
        <line num="27" count="6" type="stmt"/>
        <line num="29" count="6" type="stmt"/>
        <line num="30" count="10" type="stmt"/>
        <line num="31" count="10" type="cond" truecount="1" falsecount="1"/>
        <line num="32" count="10" type="stmt"/>
        <line num="33" count="10" type="stmt"/>
        <line num="40" count="6" type="stmt"/>
      </file>
      <file name="javascript.ts" path="/Users/subash.karki/phantom-os/.claude/worktrees/feat+ai-engine/packages/ai-engine/src/graph/parsers/javascript.ts">
        <metrics statements="24" coveredstatements="24" conditionals="2" coveredconditionals="2" methods="3" coveredmethods="3"/>
        <line num="9" count="4" type="stmt"/>
        <line num="12" count="4" type="stmt"/>
        <line num="15" count="4" type="stmt"/>
        <line num="18" count="4" type="stmt"/>
        <line num="21" count="48" type="stmt"/>
        <line num="22" count="48" type="stmt"/>
        <line num="25" count="214" type="stmt"/>
        <line num="26" count="214" type="stmt"/>
        <line num="27" count="214" type="stmt"/>
        <line num="31" count="214" type="stmt"/>
        <line num="32" count="214" type="stmt"/>
        <line num="34" count="214" type="stmt"/>
        <line num="35" count="642" type="stmt"/>
        <line num="37" count="642" type="stmt"/>
        <line num="38" count="255" type="stmt"/>
        <line num="39" count="255" type="cond" truecount="2" falsecount="0"/>
        <line num="40" count="254" type="stmt"/>
        <line num="41" count="254" type="stmt"/>
        <line num="49" count="214" type="stmt"/>
        <line num="53" count="214" type="stmt"/>
        <line num="54" count="214" type="stmt"/>
        <line num="56" count="214" type="stmt"/>
        <line num="57" count="245" type="stmt"/>
        <line num="59" count="214" type="stmt"/>
      </file>
      <file name="python.ts" path="/Users/subash.karki/phantom-os/.claude/worktrees/feat+ai-engine/packages/ai-engine/src/graph/parsers/python.ts">
        <metrics statements="25" coveredstatements="25" conditionals="4" coveredconditionals="2" methods="3" coveredmethods="3"/>
        <line num="9" count="4" type="stmt"/>
        <line num="12" count="4" type="stmt"/>
        <line num="15" count="4" type="stmt"/>
        <line num="18" count="48" type="stmt"/>
        <line num="19" count="48" type="stmt"/>
        <line num="22" count="14" type="stmt"/>
        <line num="23" count="14" type="stmt"/>
        <line num="27" count="14" type="stmt"/>
        <line num="28" count="14" type="stmt"/>
        <line num="30" count="14" type="stmt"/>
        <line num="31" count="18" type="cond" truecount="1" falsecount="1"/>
        <line num="32" count="18" type="stmt"/>
        <line num="33" count="18" type="stmt"/>
        <line num="39" count="14" type="stmt"/>
        <line num="41" count="14" type="stmt"/>
        <line num="42" count="7" type="stmt"/>
        <line num="46" count="14" type="stmt"/>
        <line num="47" count="14" type="stmt"/>
        <line num="48" count="2" type="stmt"/>
        <line num="49" count="2" type="cond" truecount="1" falsecount="1"/>
        <line num="50" count="2" type="stmt"/>
        <line num="55" count="14" type="stmt"/>
        <line num="56" count="14" type="stmt"/>
        <line num="57" count="9" type="stmt"/>
        <line num="60" count="14" type="stmt"/>
      </file>
      <file name="registry.ts" path="/Users/subash.karki/phantom-os/.claude/worktrees/feat+ai-engine/packages/ai-engine/src/graph/parsers/registry.ts">
        <metrics statements="17" coveredstatements="16" conditionals="4" coveredconditionals="3" methods="5" coveredmethods="5"/>
        <line num="13" count="47" type="stmt"/>
        <line num="14" count="47" type="stmt"/>
        <line num="18" count="47" type="stmt"/>
        <line num="19" count="47" type="stmt"/>
        <line num="20" count="47" type="stmt"/>
        <line num="21" count="47" type="stmt"/>
        <line num="22" count="47" type="stmt"/>
        <line num="29" count="236" type="stmt"/>
        <line num="30" count="236" type="stmt"/>
        <line num="31" count="471" type="stmt"/>
        <line num="40" count="230" type="cond" truecount="2" falsecount="0"/>
        <line num="47" count="1" type="stmt"/>
        <line num="55" count="1" type="stmt"/>
        <line num="56" count="1" type="stmt"/>
        <line num="57" count="5" type="cond" truecount="1" falsecount="1"/>
        <line num="58" count="0" type="stmt"/>
        <line num="61" count="1" type="stmt"/>
      </file>
      <file name="rust.ts" path="/Users/subash.karki/phantom-os/.claude/worktrees/feat+ai-engine/packages/ai-engine/src/graph/parsers/rust.ts">
        <metrics statements="31" coveredstatements="31" conditionals="4" coveredconditionals="3" methods="3" coveredmethods="3"/>
        <line num="9" count="4" type="stmt"/>
        <line num="12" count="4" type="stmt"/>
        <line num="15" count="4" type="stmt"/>
        <line num="18" count="4" type="stmt"/>
        <line num="20" count="4" type="stmt"/>
        <line num="23" count="48" type="stmt"/>
        <line num="24" count="48" type="stmt"/>
        <line num="27" count="9" type="stmt"/>
        <line num="28" count="9" type="stmt"/>
        <line num="32" count="9" type="stmt"/>
        <line num="33" count="9" type="stmt"/>
        <line num="35" count="9" type="stmt"/>
        <line num="36" count="15" type="cond" truecount="1" falsecount="1"/>
        <line num="37" count="15" type="stmt"/>
        <line num="38" count="15" type="stmt"/>
        <line num="43" count="9" type="stmt"/>
        <line num="45" count="9" type="stmt"/>
        <line num="46" count="6" type="stmt"/>
        <line num="50" count="9" type="stmt"/>
        <line num="51" count="9" type="stmt"/>
        <line num="52" count="11" type="stmt"/>
        <line num="53" count="11" type="stmt"/>
        <line num="54" count="11" type="cond" truecount="2" falsecount="0"/>
        <line num="55" count="5" type="stmt"/>
        <line num="60" count="9" type="stmt"/>
        <line num="61" count="9" type="stmt"/>
        <line num="62" count="2" type="stmt"/>
        <line num="66" count="9" type="stmt"/>
        <line num="67" count="9" type="stmt"/>
        <line num="68" count="2" type="stmt"/>
        <line num="71" count="9" type="stmt"/>
      </file>
      <file name="types.ts" path="/Users/subash.karki/phantom-os/.claude/worktrees/feat+ai-engine/packages/ai-engine/src/graph/parsers/types.ts">
        <metrics statements="0" coveredstatements="0" conditionals="0" coveredconditionals="0" methods="0" coveredmethods="0"/>
      </file>
    </package>
    <package name="strategies">
      <metrics statements="89" coveredstatements="89" conditionals="60" coveredconditionals="57" methods="17" coveredmethods="17"/>
      <file name="advisor.ts" path="/Users/subash.karki/phantom-os/.claude/worktrees/feat+ai-engine/packages/ai-engine/src/strategies/advisor.ts">
        <metrics statements="21" coveredstatements="21" conditionals="16" coveredconditionals="16" methods="2" coveredmethods="2"/>
        <line num="16" count="9" type="stmt"/>
        <line num="17" count="9" type="stmt"/>
        <line num="18" count="9" type="stmt"/>
        <line num="20" count="9" type="stmt"/>
        <line num="23" count="19" type="stmt"/>
        <line num="25" count="19" type="cond" truecount="4" falsecount="0"/>
        <line num="26" count="6" type="stmt"/>
        <line num="28" count="13" type="cond" truecount="4" falsecount="0"/>
        <line num="29" count="2" type="stmt"/>
        <line num="31" count="11" type="cond" truecount="2" falsecount="0"/>
        <line num="32" count="3" type="stmt"/>
        <line num="34" count="8" type="cond" truecount="2" falsecount="0"/>
        <line num="35" count="1" type="stmt"/>
        <line num="37" count="7" type="cond" truecount="4" falsecount="0"/>
        <line num="38" count="2" type="stmt"/>
        <line num="41" count="5" type="stmt"/>
        <line num="45" count="3" type="stmt"/>
        <line num="46" count="3" type="stmt"/>
        <line num="49" count="3" type="stmt"/>
        <line num="52" count="3" type="stmt"/>
        <line num="65" count="3" type="stmt"/>
      </file>
      <file name="direct.ts" path="/Users/subash.karki/phantom-os/.claude/worktrees/feat+ai-engine/packages/ai-engine/src/strategies/direct.ts">
        <metrics statements="17" coveredstatements="17" conditionals="12" coveredconditionals="12" methods="2" coveredmethods="2"/>
        <line num="16" count="13" type="stmt"/>
        <line num="17" count="13" type="stmt"/>
        <line num="18" count="13" type="stmt"/>
        <line num="20" count="13" type="stmt"/>
        <line num="23" count="16" type="stmt"/>
        <line num="25" count="16" type="cond" truecount="4" falsecount="0"/>
        <line num="26" count="7" type="stmt"/>
        <line num="28" count="9" type="cond" truecount="4" falsecount="0"/>
        <line num="29" count="1" type="stmt"/>
        <line num="31" count="8" type="cond" truecount="4" falsecount="0"/>
        <line num="32" count="1" type="stmt"/>
        <line num="35" count="7" type="stmt"/>
        <line num="39" count="5" type="stmt"/>
        <line num="40" count="5" type="stmt"/>
        <line num="43" count="5" type="stmt"/>
        <line num="46" count="5" type="stmt"/>
        <line num="53" count="5" type="stmt"/>
      </file>
      <file name="registry.ts" path="/Users/subash.karki/phantom-os/.claude/worktrees/feat+ai-engine/packages/ai-engine/src/strategies/registry.ts">
        <metrics statements="30" coveredstatements="30" conditionals="15" coveredconditionals="12" methods="11" coveredmethods="11"/>
        <line num="14" count="1" type="stmt"/>
        <line num="15" count="1" type="stmt"/>
        <line num="18" count="24" type="stmt"/>
        <line num="22" count="50" type="stmt"/>
        <line num="27" count="2" type="stmt"/>
        <line num="32" count="1" type="stmt"/>
        <line num="33" count="1" type="cond" truecount="1" falsecount="1"/>
        <line num="38" count="6" type="stmt"/>
        <line num="39" count="6" type="cond" truecount="1" falsecount="1"/>
        <line num="52" count="14" type="stmt"/>
        <line num="55" count="14" type="stmt"/>
        <line num="56" count="14" type="cond" truecount="2" falsecount="0"/>
        <line num="59" count="2" type="stmt"/>
        <line num="60" count="2" type="cond" truecount="2" falsecount="0"/>
        <line num="63" count="1" type="stmt"/>
        <line num="64" count="1" type="cond" truecount="1" falsecount="1"/>
        <line num="66" count="1" type="stmt"/>
        <line num="76" count="3" type="stmt"/>
        <line num="81" count="1" type="stmt"/>
        <line num="86" count="5" type="stmt"/>
        <line num="104" count="17" type="stmt"/>
        <line num="106" count="17" type="stmt"/>
        <line num="107" count="43" type="cond" truecount="2" falsecount="0"/>
        <line num="108" count="40" type="stmt"/>
        <line num="109" count="40" type="stmt"/>
        <line num="113" count="17" type="stmt"/>
        <line num="114" count="28" type="stmt"/>
        <line num="115" count="28" type="cond" truecount="2" falsecount="0"/>
        <line num="116" count="3" type="stmt"/>
        <line num="119" count="17" type="stmt"/>
      </file>
      <file name="self-refine.ts" path="/Users/subash.karki/phantom-os/.claude/worktrees/feat+ai-engine/packages/ai-engine/src/strategies/self-refine.ts">
        <metrics statements="21" coveredstatements="21" conditionals="17" coveredconditionals="17" methods="2" coveredmethods="2"/>
        <line num="16" count="9" type="stmt"/>
        <line num="17" count="9" type="stmt"/>
        <line num="18" count="9" type="stmt"/>
        <line num="20" count="9" type="stmt"/>
        <line num="23" count="13" type="stmt"/>
        <line num="26" count="13" type="cond" truecount="2" falsecount="0"/>
        <line num="27" count="13" type="cond" truecount="2" falsecount="0"/>
        <line num="29" count="13" type="cond" truecount="5" falsecount="0"/>
        <line num="30" count="2" type="stmt"/>
        <line num="35" count="11" type="cond" truecount="4" falsecount="0"/>
        <line num="36" count="1" type="stmt"/>
        <line num="42" count="10" type="stmt"/>
        <line num="46" count="4" type="stmt"/>
        <line num="47" count="4" type="stmt"/>
        <line num="50" count="4" type="cond" truecount="4" falsecount="0"/>
        <line num="51" count="1" type="stmt"/>
        <line num="68" count="3" type="stmt"/>
        <line num="69" count="3" type="stmt"/>
        <line num="70" count="3" type="stmt"/>
        <line num="73" count="3" type="stmt"/>
        <line num="83" count="3" type="stmt"/>
      </file>
    </package>
    <package name="types">
      <metrics statements="0" coveredstatements="0" conditionals="0" coveredconditionals="0" methods="0" coveredmethods="0"/>
      <file name="events.ts" path="/Users/subash.karki/phantom-os/.claude/worktrees/feat+ai-engine/packages/ai-engine/src/types/events.ts">
        <metrics statements="0" coveredstatements="0" conditionals="0" coveredconditionals="0" methods="0" coveredmethods="0"/>
      </file>
      <file name="graph.ts" path="/Users/subash.karki/phantom-os/.claude/worktrees/feat+ai-engine/packages/ai-engine/src/types/graph.ts">
        <metrics statements="0" coveredstatements="0" conditionals="0" coveredconditionals="0" methods="0" coveredmethods="0"/>
      </file>
      <file name="index.ts" path="/Users/subash.karki/phantom-os/.claude/worktrees/feat+ai-engine/packages/ai-engine/src/types/index.ts">
        <metrics statements="0" coveredstatements="0" conditionals="0" coveredconditionals="0" methods="0" coveredmethods="0"/>
      </file>
      <file name="strategy.ts" path="/Users/subash.karki/phantom-os/.claude/worktrees/feat+ai-engine/packages/ai-engine/src/types/strategy.ts">
        <metrics statements="0" coveredstatements="0" conditionals="0" coveredconditionals="0" methods="0" coveredmethods="0"/>
      </file>
    </package>
  </project>
</coverage>
