{"/Users/subash.karki/phantom-os/.claude/worktrees/feat+ai-engine/packages/ai-engine/src/events/event-bus.ts": {"path":"/Users/subash.karki/phantom-os/.claude/worktrees/feat+ai-engine/packages/ai-engine/src/events/event-bus.ts","statementMap":{"0":{"start":{"line":10,"column":22},"end":{"line":10,"column":null}},"1":{"start":{"line":11,"column":25},"end":{"line":11,"column":null}},"2":{"start":{"line":14,"column":14},"end":{"line":14,"column":null}},"3":{"start":{"line":15,"column":4},"end":{"line":18,"column":null}},"4":{"start":{"line":16,"column":6},"end":{"line":16,"column":null}},"5":{"start":{"line":17,"column":6},"end":{"line":17,"column":null}},"6":{"start":{"line":19,"column":4},"end":{"line":19,"column":null}},"7":{"start":{"line":20,"column":4},"end":{"line":20,"column":null}},"8":{"start":{"line":20,"column":17},"end":{"line":20,"column":null}},"9":{"start":{"line":25,"column":4},"end":{"line":25,"column":null}},"10":{"start":{"line":26,"column":4},"end":{"line":26,"column":null}},"11":{"start":{"line":26,"column":17},"end":{"line":26,"column":null}},"12":{"start":{"line":30,"column":16},"end":{"line":30,"column":null}},"13":{"start":{"line":31,"column":4},"end":{"line":33,"column":null}},"14":{"start":{"line":32,"column":6},"end":{"line":32,"column":null}},"15":{"start":{"line":32,"column":34},"end":{"line":32,"column":null}},"16":{"start":{"line":34,"column":4},"end":{"line":34,"column":null}},"17":{"start":{"line":34,"column":46},"end":{"line":34,"column":null}},"18":{"start":{"line":38,"column":4},"end":{"line":38,"column":null}},"19":{"start":{"line":39,"column":4},"end":{"line":39,"column":null}}},"fnMap":{"0":{"name":"(anonymous_0)","decl":{"start":{"line":13,"column":2},"end":{"line":13,"column":5}},"loc":{"start":{"line":13,"column":69},"end":{"line":21,"column":null}},"line":13},"1":{"name":"(anonymous_1)","decl":{"start":{"line":20,"column":11},"end":{"line":20,"column":17}},"loc":{"start":{"line":20,"column":17},"end":{"line":20,"column":null}},"line":20},"2":{"name":"(anonymous_2)","decl":{"start":{"line":24,"column":2},"end":{"line":24,"column":8}},"loc":{"start":{"line":24,"column":50},"end":{"line":27,"column":null}},"line":24},"3":{"name":"(anonymous_3)","decl":{"start":{"line":26,"column":11},"end":{"line":26,"column":17}},"loc":{"start":{"line":26,"column":17},"end":{"line":26,"column":null}},"line":26},"4":{"name":"(anonymous_4)","decl":{"start":{"line":29,"column":2},"end":{"line":29,"column":7}},"loc":{"start":{"line":29,"column":32},"end":{"line":35,"column":null}},"line":29},"5":{"name":"(anonymous_5)","decl":{"start":{"line":37,"column":2},"end":{"line":37,"column":20}},"loc":{"start":{"line":37,"column":20},"end":{"line":40,"column":null}},"line":37}},"branchMap":{"0":{"loc":{"start":{"line":15,"column":4},"end":{"line":18,"column":null}},"type":"if","locations":[{"start":{"line":15,"column":4},"end":{"line":18,"column":null}},{"start":{},"end":{}}],"line":15},"1":{"loc":{"start":{"line":31,"column":4},"end":{"line":33,"column":null}},"type":"if","locations":[{"start":{"line":31,"column":4},"end":{"line":33,"column":null}},{"start":{},"end":{}}],"line":31}},"s":{"0":77,"1":77,"2":6,"3":6,"4":5,"5":5,"6":6,"7":6,"8":1,"9":34,"10":34,"11":1,"12":192,"13":192,"14":3,"15":3,"16":192,"17":144,"18":1,"19":1},"f":{"0":6,"1":1,"2":34,"3":1,"4":192,"5":1},"b":{"0":[5,1],"1":[3,189]},"meta":{"lastBranch":2,"lastFunction":6,"lastStatement":20,"seen":{"s:10:22:10:Infinity":0,"s:11:25:11:Infinity":1,"f:13:2:13:5":0,"s:14:14:14:Infinity":2,"b:15:4:18:Infinity:undefined:undefined:undefined:undefined":0,"s:15:4:18:Infinity":3,"s:16:6:16:Infinity":4,"s:17:6:17:Infinity":5,"s:19:4:19:Infinity":6,"s:20:4:20:Infinity":7,"f:20:11:20:17":1,"s:20:17:20:Infinity":8,"f:24:2:24:8":2,"s:25:4:25:Infinity":9,"s:26:4:26:Infinity":10,"f:26:11:26:17":3,"s:26:17:26:Infinity":11,"f:29:2:29:7":4,"s:30:16:30:Infinity":12,"b:31:4:33:Infinity:undefined:undefined:undefined:undefined":1,"s:31:4:33:Infinity":13,"s:32:6:32:Infinity":14,"s:32:34:32:Infinity":15,"s:34:4:34:Infinity":16,"s:34:46:34:Infinity":17,"f:37:2:37:20":5,"s:38:4:38:Infinity":18,"s:39:4:39:Infinity":19}}}
,"/Users/subash.karki/phantom-os/.claude/worktrees/feat+ai-engine/packages/ai-engine/src/graph/ast-enricher.ts": {"path":"/Users/subash.karki/phantom-os/.claude/worktrees/feat+ai-engine/packages/ai-engine/src/graph/ast-enricher.ts","statementMap":{"0":{"start":{"line":27,"column":23},"end":{"line":27,"column":null}},"1":{"start":{"line":30,"column":21},"end":{"line":41,"column":null}},"2":{"start":{"line":93,"column":12},"end":{"line":93,"column":null}},"3":{"start":{"line":94,"column":12},"end":{"line":94,"column":null}},"4":{"start":{"line":106,"column":22},"end":{"line":106,"column":null}},"5":{"start":{"line":109,"column":21},"end":{"line":109,"column":null}},"6":{"start":{"line":110,"column":22},"end":{"line":113,"column":null}},"7":{"start":{"line":112,"column":8},"end":{"line":112,"column":null}},"8":{"start":{"line":115,"column":4},"end":{"line":121,"column":null}},"9":{"start":{"line":123,"column":25},"end":{"line":123,"column":null}},"10":{"start":{"line":125,"column":4},"end":{"line":152,"column":null}},"11":{"start":{"line":126,"column":6},"end":{"line":140,"column":null}},"12":{"start":{"line":127,"column":24},"end":{"line":127,"column":null}},"13":{"start":{"line":128,"column":24},"end":{"line":128,"column":null}},"14":{"start":{"line":129,"column":27},"end":{"line":129,"column":null}},"15":{"start":{"line":130,"column":8},"end":{"line":130,"column":null}},"16":{"start":{"line":132,"column":8},"end":{"line":139,"column":null}},"17":{"start":{"line":142,"column":6},"end":{"line":142,"column":null}},"18":{"start":{"line":143,"column":6},"end":{"line":151,"column":null}},"19":{"start":{"line":154,"column":4},"end":{"line":164,"column":null}},"20":{"start":{"line":172,"column":10},"end":{"line":172,"column":null}},"21":{"start":{"line":173,"column":10},"end":{"line":173,"column":null}},"22":{"start":{"line":174,"column":4},"end":{"line":174,"column":null}},"23":{"start":{"line":174,"column":34},"end":{"line":174,"column":null}},"24":{"start":{"line":176,"column":21},"end":{"line":176,"column":null}},"25":{"start":{"line":177,"column":4},"end":{"line":177,"column":null}},"26":{"start":{"line":177,"column":19},"end":{"line":177,"column":null}},"27":{"start":{"line":179,"column":4},"end":{"line":186,"column":null}},"28":{"start":{"line":180,"column":31},"end":{"line":180,"column":null}},"29":{"start":{"line":181,"column":22},"end":{"line":181,"column":null}},"30":{"start":{"line":182,"column":25},"end":{"line":182,"column":null}},"31":{"start":{"line":183,"column":6},"end":{"line":183,"column":null}},"32":{"start":{"line":201,"column":4},"end":{"line":212,"column":null}},"33":{"start":{"line":202,"column":6},"end":{"line":208,"column":null}},"34":{"start":{"line":211,"column":6},"end":{"line":211,"column":null}},"35":{"start":{"line":214,"column":16},"end":{"line":214,"column":null}},"36":{"start":{"line":217,"column":22},"end":{"line":217,"column":null}},"37":{"start":{"line":218,"column":20},"end":{"line":218,"column":null}},"38":{"start":{"line":219,"column":18},"end":{"line":219,"column":null}},"39":{"start":{"line":222,"column":45},"end":{"line":222,"column":null}},"40":{"start":{"line":223,"column":47},"end":{"line":223,"column":null}},"41":{"start":{"line":225,"column":4},"end":{"line":239,"column":null}},"42":{"start":{"line":226,"column":6},"end":{"line":238,"column":null}},"43":{"start":{"line":227,"column":8},"end":{"line":235,"column":null}},"44":{"start":{"line":237,"column":8},"end":{"line":237,"column":null}},"45":{"start":{"line":242,"column":24},"end":{"line":242,"column":null}},"46":{"start":{"line":243,"column":25},"end":{"line":243,"column":null}},"47":{"start":{"line":244,"column":20},"end":{"line":244,"column":null}},"48":{"start":{"line":245,"column":21},"end":{"line":245,"column":null}},"49":{"start":{"line":248,"column":4},"end":{"line":271,"column":null}},"50":{"start":{"line":249,"column":17},"end":{"line":249,"column":null}},"51":{"start":{"line":251,"column":6},"end":{"line":251,"column":null}},"52":{"start":{"line":251,"column":34},"end":{"line":251,"column":null}},"53":{"start":{"line":253,"column":33},"end":{"line":268,"column":null}},"54":{"start":{"line":269,"column":6},"end":{"line":269,"column":null}},"55":{"start":{"line":270,"column":6},"end":{"line":270,"column":null}},"56":{"start":{"line":274,"column":4},"end":{"line":296,"column":null}},"57":{"start":{"line":275,"column":17},"end":{"line":275,"column":null}},"58":{"start":{"line":276,"column":6},"end":{"line":276,"column":null}},"59":{"start":{"line":276,"column":34},"end":{"line":276,"column":null}},"60":{"start":{"line":278,"column":30},"end":{"line":293,"column":null}},"61":{"start":{"line":294,"column":6},"end":{"line":294,"column":null}},"62":{"start":{"line":295,"column":6},"end":{"line":295,"column":null}},"63":{"start":{"line":299,"column":4},"end":{"line":320,"column":null}},"64":{"start":{"line":300,"column":17},"end":{"line":300,"column":null}},"65":{"start":{"line":301,"column":6},"end":{"line":301,"column":null}},"66":{"start":{"line":301,"column":34},"end":{"line":301,"column":null}},"67":{"start":{"line":303,"column":34},"end":{"line":317,"column":null}},"68":{"start":{"line":318,"column":6},"end":{"line":318,"column":null}},"69":{"start":{"line":319,"column":6},"end":{"line":319,"column":null}},"70":{"start":{"line":323,"column":4},"end":{"line":344,"column":null}},"71":{"start":{"line":324,"column":17},"end":{"line":324,"column":null}},"72":{"start":{"line":325,"column":6},"end":{"line":325,"column":null}},"73":{"start":{"line":325,"column":34},"end":{"line":325,"column":null}},"74":{"start":{"line":327,"column":39},"end":{"line":341,"column":null}},"75":{"start":{"line":342,"column":6},"end":{"line":342,"column":null}},"76":{"start":{"line":343,"column":6},"end":{"line":343,"column":null}},"77":{"start":{"line":348,"column":32},"end":{"line":348,"column":null}},"78":{"start":{"line":349,"column":33},"end":{"line":349,"column":null}},"79":{"start":{"line":350,"column":28},"end":{"line":350,"column":null}},"80":{"start":{"line":353,"column":4},"end":{"line":353,"column":null}},"81":{"start":{"line":353,"column":42},"end":{"line":353,"column":null}},"82":{"start":{"line":354,"column":4},"end":{"line":354,"column":null}},"83":{"start":{"line":354,"column":43},"end":{"line":354,"column":null}},"84":{"start":{"line":355,"column":4},"end":{"line":355,"column":null}},"85":{"start":{"line":355,"column":38},"end":{"line":355,"column":null}},"86":{"start":{"line":356,"column":4},"end":{"line":358,"column":null}},"87":{"start":{"line":361,"column":4},"end":{"line":373,"column":null}},"88":{"start":{"line":362,"column":6},"end":{"line":362,"column":null}},"89":{"start":{"line":362,"column":20},"end":{"line":362,"column":null}},"90":{"start":{"line":363,"column":23},"end":{"line":363,"column":null}},"91":{"start":{"line":364,"column":6},"end":{"line":364,"column":null}},"92":{"start":{"line":364,"column":21},"end":{"line":364,"column":null}},"93":{"start":{"line":366,"column":22},"end":{"line":366,"column":null}},"94":{"start":{"line":367,"column":6},"end":{"line":372,"column":null}},"95":{"start":{"line":368,"column":25},"end":{"line":368,"column":null}},"96":{"start":{"line":369,"column":8},"end":{"line":371,"column":null}},"97":{"start":{"line":370,"column":10},"end":{"line":370,"column":null}},"98":{"start":{"line":376,"column":4},"end":{"line":408,"column":null}},"99":{"start":{"line":377,"column":6},"end":{"line":377,"column":null}},"100":{"start":{"line":377,"column":22},"end":{"line":377,"column":null}},"101":{"start":{"line":378,"column":23},"end":{"line":378,"column":null}},"102":{"start":{"line":379,"column":6},"end":{"line":379,"column":null}},"103":{"start":{"line":379,"column":21},"end":{"line":379,"column":null}},"104":{"start":{"line":382,"column":6},"end":{"line":387,"column":null}},"105":{"start":{"line":383,"column":29},"end":{"line":383,"column":null}},"106":{"start":{"line":384,"column":8},"end":{"line":386,"column":null}},"107":{"start":{"line":385,"column":10},"end":{"line":385,"column":null}},"108":{"start":{"line":390,"column":26},"end":{"line":390,"column":null}},"109":{"start":{"line":391,"column":6},"end":{"line":396,"column":null}},"110":{"start":{"line":392,"column":31},"end":{"line":392,"column":null}},"111":{"start":{"line":393,"column":8},"end":{"line":395,"column":null}},"112":{"start":{"line":394,"column":10},"end":{"line":394,"column":null}},"113":{"start":{"line":399,"column":22},"end":{"line":399,"column":null}},"114":{"start":{"line":400,"column":6},"end":{"line":407,"column":null}},"115":{"start":{"line":402,"column":8},"end":{"line":402,"column":null}},"116":{"start":{"line":402,"column":117},"end":{"line":402,"column":null}},"117":{"start":{"line":403,"column":25},"end":{"line":403,"column":null}},"118":{"start":{"line":404,"column":8},"end":{"line":406,"column":null}},"119":{"start":{"line":405,"column":10},"end":{"line":405,"column":null}},"120":{"start":{"line":411,"column":4},"end":{"line":421,"column":null}},"121":{"start":{"line":412,"column":23},"end":{"line":412,"column":null}},"122":{"start":{"line":413,"column":6},"end":{"line":413,"column":null}},"123":{"start":{"line":413,"column":21},"end":{"line":413,"column":null}},"124":{"start":{"line":415,"column":6},"end":{"line":420,"column":null}},"125":{"start":{"line":416,"column":25},"end":{"line":416,"column":null}},"126":{"start":{"line":417,"column":8},"end":{"line":419,"column":null}},"127":{"start":{"line":418,"column":10},"end":{"line":418,"column":null}},"128":{"start":{"line":429,"column":41},"end":{"line":429,"column":null}},"129":{"start":{"line":431,"column":18},"end":{"line":471,"column":null}},"130":{"start":{"line":433,"column":6},"end":{"line":436,"column":null}},"131":{"start":{"line":434,"column":8},"end":{"line":434,"column":null}},"132":{"start":{"line":435,"column":8},"end":{"line":435,"column":null}},"133":{"start":{"line":439,"column":6},"end":{"line":457,"column":null}},"134":{"start":{"line":440,"column":8},"end":{"line":455,"column":null}},"135":{"start":{"line":441,"column":10},"end":{"line":454,"column":null}},"136":{"start":{"line":446,"column":23},"end":{"line":452,"column":null}},"137":{"start":{"line":453,"column":12},"end":{"line":453,"column":null}},"138":{"start":{"line":456,"column":8},"end":{"line":456,"column":null}},"139":{"start":{"line":460,"column":6},"end":{"line":467,"column":null}},"140":{"start":{"line":461,"column":8},"end":{"line":466,"column":null}},"141":{"start":{"line":462,"column":10},"end":{"line":464,"column":null}},"142":{"start":{"line":465,"column":10},"end":{"line":465,"column":null}},"143":{"start":{"line":470,"column":6},"end":{"line":470,"column":null}},"144":{"start":{"line":474,"column":4},"end":{"line":476,"column":null}},"145":{"start":{"line":475,"column":6},"end":{"line":475,"column":null}},"146":{"start":{"line":478,"column":4},"end":{"line":478,"column":null}},"147":{"start":{"line":486,"column":19},"end":{"line":489,"column":null}},"148":{"start":{"line":487,"column":6},"end":{"line":487,"column":null}},"149":{"start":{"line":487,"column":35},"end":{"line":487,"column":null}},"150":{"start":{"line":488,"column":6},"end":{"line":488,"column":null}},"151":{"start":{"line":491,"column":23},"end":{"line":491,"column":null}},"152":{"start":{"line":492,"column":22},"end":{"line":492,"column":null}},"153":{"start":{"line":493,"column":20},"end":{"line":493,"column":null}},"154":{"start":{"line":494,"column":23},"end":{"line":494,"column":null}},"155":{"start":{"line":495,"column":23},"end":{"line":495,"column":null}},"156":{"start":{"line":497,"column":4},"end":{"line":506,"column":null}},"157":{"start":{"line":516,"column":19},"end":{"line":519,"column":null}},"158":{"start":{"line":517,"column":6},"end":{"line":517,"column":null}},"159":{"start":{"line":517,"column":35},"end":{"line":517,"column":null}},"160":{"start":{"line":518,"column":6},"end":{"line":518,"column":null}},"161":{"start":{"line":521,"column":23},"end":{"line":521,"column":null}},"162":{"start":{"line":523,"column":6},"end":{"line":523,"column":null}},"163":{"start":{"line":524,"column":20},"end":{"line":524,"column":null}},"164":{"start":{"line":525,"column":23},"end":{"line":525,"column":null}},"165":{"start":{"line":526,"column":23},"end":{"line":526,"column":null}},"166":{"start":{"line":528,"column":4},"end":{"line":537,"column":null}},"167":{"start":{"line":545,"column":38},"end":{"line":545,"column":null}},"168":{"start":{"line":547,"column":4},"end":{"line":596,"column":null}},"169":{"start":{"line":550,"column":6},"end":{"line":552,"column":null}},"170":{"start":{"line":551,"column":8},"end":{"line":551,"column":null}},"171":{"start":{"line":554,"column":6},"end":{"line":554,"column":null}},"172":{"start":{"line":554,"column":22},"end":{"line":554,"column":null}},"173":{"start":{"line":556,"column":32},"end":{"line":556,"column":null}},"174":{"start":{"line":557,"column":35},"end":{"line":557,"column":null}},"175":{"start":{"line":558,"column":39},"end":{"line":558,"column":null}},"176":{"start":{"line":561,"column":6},"end":{"line":569,"column":null}},"177":{"start":{"line":562,"column":8},"end":{"line":568,"column":null}},"178":{"start":{"line":563,"column":10},"end":{"line":567,"column":null}},"179":{"start":{"line":564,"column":12},"end":{"line":566,"column":null}},"180":{"start":{"line":565,"column":14},"end":{"line":565,"column":null}},"181":{"start":{"line":572,"column":6},"end":{"line":580,"column":null}},"182":{"start":{"line":573,"column":8},"end":{"line":579,"column":null}},"183":{"start":{"line":574,"column":10},"end":{"line":574,"column":null}},"184":{"start":{"line":575,"column":8},"end":{"line":579,"column":null}},"185":{"start":{"line":576,"column":10},"end":{"line":576,"column":null}},"186":{"start":{"line":577,"column":8},"end":{"line":579,"column":null}},"187":{"start":{"line":578,"column":10},"end":{"line":578,"column":null}},"188":{"start":{"line":583,"column":8},"end":{"line":583,"column":null}},"189":{"start":{"line":584,"column":22},"end":{"line":584,"column":null}},"190":{"start":{"line":585,"column":25},"end":{"line":585,"column":null}},"191":{"start":{"line":587,"column":6},"end":{"line":595,"column":null}},"192":{"start":{"line":598,"column":4},"end":{"line":598,"column":null}},"193":{"start":{"line":606,"column":37},"end":{"line":606,"column":null}},"194":{"start":{"line":608,"column":4},"end":{"line":664,"column":null}},"195":{"start":{"line":610,"column":6},"end":{"line":628,"column":null}},"196":{"start":{"line":611,"column":23},"end":{"line":613,"column":null}},"197":{"start":{"line":612,"column":52},"end":{"line":612,"column":77}},"198":{"start":{"line":613,"column":22},"end":{"line":613,"column":48}},"199":{"start":{"line":616,"column":29},"end":{"line":618,"column":null}},"200":{"start":{"line":617,"column":50},"end":{"line":617,"column":73}},"201":{"start":{"line":618,"column":22},"end":{"line":618,"column":48}},"202":{"start":{"line":620,"column":8},"end":{"line":627,"column":null}},"203":{"start":{"line":631,"column":6},"end":{"line":649,"column":null}},"204":{"start":{"line":632,"column":33},"end":{"line":632,"column":null}},"205":{"start":{"line":633,"column":8},"end":{"line":639,"column":null}},"206":{"start":{"line":634,"column":10},"end":{"line":638,"column":null}},"207":{"start":{"line":635,"column":12},"end":{"line":637,"column":null}},"208":{"start":{"line":636,"column":14},"end":{"line":636,"column":null}},"209":{"start":{"line":641,"column":8},"end":{"line":648,"column":null}},"210":{"start":{"line":652,"column":6},"end":{"line":663,"column":null}},"211":{"start":{"line":653,"column":23},"end":{"line":653,"column":null}},"212":{"start":{"line":653,"column":47},"end":{"line":653,"column":73}},"213":{"start":{"line":655,"column":8},"end":{"line":662,"column":null}},"214":{"start":{"line":666,"column":4},"end":{"line":666,"column":null}},"215":{"start":{"line":680,"column":4},"end":{"line":682,"column":null}},"216":{"start":{"line":681,"column":6},"end":{"line":681,"column":null}},"217":{"start":{"line":685,"column":4},"end":{"line":685,"column":null}},"218":{"start":{"line":685,"column":18},"end":{"line":685,"column":null}},"219":{"start":{"line":686,"column":4},"end":{"line":686,"column":null}},"220":{"start":{"line":690,"column":4},"end":{"line":696,"column":null}},"221":{"start":{"line":695,"column":6},"end":{"line":695,"column":null}},"222":{"start":{"line":698,"column":16},"end":{"line":698,"column":null}},"223":{"start":{"line":699,"column":4},"end":{"line":703,"column":null}},"224":{"start":{"line":700,"column":6},"end":{"line":702,"column":null}},"225":{"start":{"line":701,"column":8},"end":{"line":701,"column":null}},"226":{"start":{"line":704,"column":4},"end":{"line":704,"column":null}},"227":{"start":{"line":715,"column":28},"end":{"line":715,"column":null}},"228":{"start":{"line":718,"column":21},"end":{"line":737,"column":null}},"229":{"start":{"line":719,"column":6},"end":{"line":719,"column":null}},"230":{"start":{"line":719,"column":73},"end":{"line":719,"column":null}},"231":{"start":{"line":720,"column":6},"end":{"line":731,"column":null}},"232":{"start":{"line":721,"column":8},"end":{"line":730,"column":null}},"233":{"start":{"line":722,"column":10},"end":{"line":729,"column":null}},"234":{"start":{"line":728,"column":12},"end":{"line":728,"column":null}},"235":{"start":{"line":733,"column":6},"end":{"line":735,"column":null}},"236":{"start":{"line":734,"column":8},"end":{"line":734,"column":null}},"237":{"start":{"line":734,"column":21},"end":{"line":734,"column":null}},"238":{"start":{"line":736,"column":6},"end":{"line":736,"column":null}},"239":{"start":{"line":739,"column":21},"end":{"line":739,"column":null}},"240":{"start":{"line":740,"column":4},"end":{"line":740,"column":null}},"241":{"start":{"line":740,"column":55},"end":{"line":740,"column":null}},"242":{"start":{"line":742,"column":23},"end":{"line":742,"column":null}},"243":{"start":{"line":745,"column":4},"end":{"line":763,"column":null}},"244":{"start":{"line":746,"column":6},"end":{"line":750,"column":null}},"245":{"start":{"line":747,"column":8},"end":{"line":749,"column":null}},"246":{"start":{"line":748,"column":10},"end":{"line":748,"column":null}},"247":{"start":{"line":751,"column":4},"end":{"line":763,"column":null}},"248":{"start":{"line":754,"column":6},"end":{"line":758,"column":null}},"249":{"start":{"line":755,"column":8},"end":{"line":757,"column":null}},"250":{"start":{"line":756,"column":10},"end":{"line":756,"column":null}},"251":{"start":{"line":759,"column":4},"end":{"line":763,"column":null}},"252":{"start":{"line":762,"column":6},"end":{"line":762,"column":null}},"253":{"start":{"line":765,"column":4},"end":{"line":765,"column":null}},"254":{"start":{"line":773,"column":4},"end":{"line":773,"column":null}},"255":{"start":{"line":773,"column":15},"end":{"line":773,"column":null}},"256":{"start":{"line":775,"column":18},"end":{"line":775,"column":null}},"257":{"start":{"line":777,"column":18},"end":{"line":785,"column":null}},"258":{"start":{"line":778,"column":6},"end":{"line":783,"column":null}},"259":{"start":{"line":779,"column":21},"end":{"line":779,"column":null}},"260":{"start":{"line":780,"column":8},"end":{"line":782,"column":null}},"261":{"start":{"line":781,"column":10},"end":{"line":781,"column":null}},"262":{"start":{"line":784,"column":6},"end":{"line":784,"column":null}},"263":{"start":{"line":787,"column":4},"end":{"line":787,"column":null}},"264":{"start":{"line":788,"column":4},"end":{"line":788,"column":null}},"265":{"start":{"line":799,"column":18},"end":{"line":799,"column":null}},"266":{"start":{"line":801,"column":18},"end":{"line":807,"column":null}},"267":{"start":{"line":802,"column":6},"end":{"line":805,"column":null}},"268":{"start":{"line":803,"column":21},"end":{"line":803,"column":null}},"269":{"start":{"line":804,"column":8},"end":{"line":804,"column":null}},"270":{"start":{"line":804,"column":18},"end":{"line":804,"column":null}},"271":{"start":{"line":806,"column":6},"end":{"line":806,"column":null}},"272":{"start":{"line":809,"column":4},"end":{"line":809,"column":null}},"273":{"start":{"line":810,"column":4},"end":{"line":810,"column":null}},"274":{"start":{"line":818,"column":18},"end":{"line":818,"column":null}},"275":{"start":{"line":820,"column":18},"end":{"line":828,"column":null}},"276":{"start":{"line":821,"column":6},"end":{"line":826,"column":null}},"277":{"start":{"line":822,"column":24},"end":{"line":822,"column":null}},"278":{"start":{"line":823,"column":8},"end":{"line":825,"column":null}},"279":{"start":{"line":824,"column":10},"end":{"line":824,"column":null}},"280":{"start":{"line":827,"column":6},"end":{"line":827,"column":null}},"281":{"start":{"line":830,"column":4},"end":{"line":830,"column":null}},"282":{"start":{"line":831,"column":4},"end":{"line":831,"column":null}},"283":{"start":{"line":841,"column":4},"end":{"line":843,"column":null}},"284":{"start":{"line":842,"column":6},"end":{"line":842,"column":null}},"285":{"start":{"line":844,"column":4},"end":{"line":844,"column":null}},"286":{"start":{"line":856,"column":16},"end":{"line":856,"column":null}},"287":{"start":{"line":858,"column":18},"end":{"line":871,"column":null}},"288":{"start":{"line":859,"column":6},"end":{"line":861,"column":null}},"289":{"start":{"line":860,"column":8},"end":{"line":860,"column":null}},"290":{"start":{"line":863,"column":6},"end":{"line":869,"column":null}},"291":{"start":{"line":868,"column":8},"end":{"line":868,"column":null}},"292":{"start":{"line":870,"column":6},"end":{"line":870,"column":null}},"293":{"start":{"line":873,"column":4},"end":{"line":873,"column":null}},"294":{"start":{"line":874,"column":4},"end":{"line":874,"column":null}},"295":{"start":{"line":883,"column":4},"end":{"line":888,"column":null}},"296":{"start":{"line":884,"column":24},"end":{"line":884,"column":null}},"297":{"start":{"line":885,"column":6},"end":{"line":887,"column":null}},"298":{"start":{"line":886,"column":8},"end":{"line":886,"column":null}},"299":{"start":{"line":886,"column":37},"end":{"line":886,"column":75}},"300":{"start":{"line":891,"column":4},"end":{"line":893,"column":null}},"301":{"start":{"line":892,"column":6},"end":{"line":892,"column":null}},"302":{"start":{"line":895,"column":4},"end":{"line":895,"column":null}},"303":{"start":{"line":899,"column":4},"end":{"line":899,"column":null}},"304":{"start":{"line":913,"column":19},"end":{"line":913,"column":null}},"305":{"start":{"line":914,"column":18},"end":{"line":914,"column":null}},"306":{"start":{"line":916,"column":4},"end":{"line":921,"column":null}},"307":{"start":{"line":917,"column":6},"end":{"line":920,"column":null}},"308":{"start":{"line":918,"column":22},"end":{"line":918,"column":null}},"309":{"start":{"line":919,"column":8},"end":{"line":919,"column":null}},"310":{"start":{"line":923,"column":4},"end":{"line":923,"column":null}},"311":{"start":{"line":937,"column":19},"end":{"line":937,"column":null}},"312":{"start":{"line":938,"column":4},"end":{"line":938,"column":null}},"313":{"start":{"line":938,"column":36},"end":{"line":938,"column":null}},"314":{"start":{"line":940,"column":28},"end":{"line":950,"column":null}},"315":{"start":{"line":952,"column":4},"end":{"line":952,"column":null}},"316":{"start":{"line":960,"column":27},"end":{"line":960,"column":null}},"317":{"start":{"line":961,"column":4},"end":{"line":961,"column":null}},"318":{"start":{"line":965,"column":27},"end":{"line":965,"column":null}},"319":{"start":{"line":966,"column":4},"end":{"line":966,"column":null}},"320":{"start":{"line":970,"column":27},"end":{"line":970,"column":null}},"321":{"start":{"line":971,"column":4},"end":{"line":971,"column":null}},"322":{"start":{"line":975,"column":27},"end":{"line":975,"column":null}},"323":{"start":{"line":976,"column":4},"end":{"line":976,"column":null}},"324":{"start":{"line":984,"column":10},"end":{"line":984,"column":null}},"325":{"start":{"line":985,"column":4},"end":{"line":996,"column":null}},"326":{"start":{"line":987,"column":8},"end":{"line":987,"column":null}},"327":{"start":{"line":989,"column":8},"end":{"line":989,"column":null}},"328":{"start":{"line":991,"column":8},"end":{"line":991,"column":null}},"329":{"start":{"line":993,"column":8},"end":{"line":993,"column":null}},"330":{"start":{"line":995,"column":8},"end":{"line":995,"column":null}},"331":{"start":{"line":1000,"column":24},"end":{"line":1000,"column":null}},"332":{"start":{"line":1001,"column":4},"end":{"line":1001,"column":null}}},"fnMap":{"0":{"name":"(anonymous_0)","decl":{"start":{"line":92,"column":2},"end":{"line":92,"column":null}},"loc":{"start":{"line":95,"column":4},"end":{"line":95,"column":null}},"line":95},"1":{"name":"(anonymous_1)","decl":{"start":{"line":105,"column":8},"end":{"line":105,"column":22}},"loc":{"start":{"line":105,"column":73},"end":{"line":165,"column":null}},"line":105},"2":{"name":"(anonymous_2)","decl":{"start":{"line":111,"column":6},"end":{"line":111,"column":7}},"loc":{"start":{"line":112,"column":8},"end":{"line":112,"column":null}},"line":112},"3":{"name":"(anonymous_3)","decl":{"start":{"line":171,"column":2},"end":{"line":171,"column":13}},"loc":{"start":{"line":171,"column":73},"end":{"line":187,"column":null}},"line":171},"4":{"name":"(anonymous_4)","decl":{"start":{"line":193,"column":2},"end":{"line":193,"column":null}},"loc":{"start":{"line":199,"column":10},"end":{"line":422,"column":null}},"line":199},"5":{"name":"(anonymous_5)","decl":{"start":{"line":428,"column":10},"end":{"line":428,"column":27}},"loc":{"start":{"line":428,"column":75},"end":{"line":479,"column":null}},"line":428},"6":{"name":"(anonymous_6)","decl":{"start":{"line":431,"column":18},"end":{"line":431,"column":19}},"loc":{"start":{"line":431,"column":43},"end":{"line":471,"column":null}},"line":431},"7":{"name":"(anonymous_7)","decl":{"start":{"line":481,"column":10},"end":{"line":481,"column":null}},"loc":{"start":{"line":485,"column":23},"end":{"line":507,"column":null}},"line":485},"8":{"name":"(anonymous_8)","decl":{"start":{"line":486,"column":39},"end":{"line":486,"column":40}},"loc":{"start":{"line":486,"column":46},"end":{"line":489,"column":5}},"line":486},"9":{"name":"(anonymous_9)","decl":{"start":{"line":509,"column":10},"end":{"line":509,"column":null}},"loc":{"start":{"line":515,"column":23},"end":{"line":538,"column":null}},"line":515},"10":{"name":"(anonymous_10)","decl":{"start":{"line":516,"column":43},"end":{"line":516,"column":44}},"loc":{"start":{"line":516,"column":50},"end":{"line":519,"column":5}},"line":516},"11":{"name":"(anonymous_11)","decl":{"start":{"line":544,"column":10},"end":{"line":544,"column":25}},"loc":{"start":{"line":544,"column":70},"end":{"line":599,"column":null}},"line":544},"12":{"name":"(anonymous_12)","decl":{"start":{"line":605,"column":10},"end":{"line":605,"column":23}},"loc":{"start":{"line":605,"column":67},"end":{"line":667,"column":null}},"line":605},"13":{"name":"(anonymous_13)","decl":{"start":{"line":612,"column":18},"end":{"line":612,"column":19}},"loc":{"start":{"line":612,"column":52},"end":{"line":612,"column":77}},"line":612},"14":{"name":"(anonymous_14)","decl":{"start":{"line":613,"column":15},"end":{"line":613,"column":16}},"loc":{"start":{"line":613,"column":22},"end":{"line":613,"column":48}},"line":613},"15":{"name":"(anonymous_15)","decl":{"start":{"line":617,"column":18},"end":{"line":617,"column":19}},"loc":{"start":{"line":617,"column":50},"end":{"line":617,"column":73}},"line":617},"16":{"name":"(anonymous_16)","decl":{"start":{"line":618,"column":15},"end":{"line":618,"column":16}},"loc":{"start":{"line":618,"column":22},"end":{"line":618,"column":48}},"line":618},"17":{"name":"(anonymous_17)","decl":{"start":{"line":653,"column":40},"end":{"line":653,"column":41}},"loc":{"start":{"line":653,"column":47},"end":{"line":653,"column":73}},"line":653},"18":{"name":"(anonymous_18)","decl":{"start":{"line":678,"column":10},"end":{"line":678,"column":27}},"loc":{"start":{"line":678,"column":86},"end":{"line":687,"column":null}},"line":678},"19":{"name":"(anonymous_19)","decl":{"start":{"line":689,"column":10},"end":{"line":689,"column":22}},"loc":{"start":{"line":689,"column":46},"end":{"line":705,"column":null}},"line":689},"20":{"name":"(anonymous_20)","decl":{"start":{"line":699,"column":26},"end":{"line":699,"column":27}},"loc":{"start":{"line":699,"column":37},"end":{"line":703,"column":5}},"line":699},"21":{"name":"(anonymous_21)","decl":{"start":{"line":710,"column":10},"end":{"line":710,"column":23}},"loc":{"start":{"line":710,"column":83},"end":{"line":766,"column":null}},"line":710},"22":{"name":"(anonymous_22)","decl":{"start":{"line":718,"column":21},"end":{"line":718,"column":22}},"loc":{"start":{"line":718,"column":119},"end":{"line":737,"column":null}},"line":718},"23":{"name":"(anonymous_23)","decl":{"start":{"line":733,"column":28},"end":{"line":733,"column":29}},"loc":{"start":{"line":733,"column":39},"end":{"line":735,"column":7}},"line":733},"24":{"name":"(anonymous_24)","decl":{"start":{"line":772,"column":10},"end":{"line":772,"column":23}},"loc":{"start":{"line":772,"column":87},"end":{"line":789,"column":null}},"line":772},"25":{"name":"(anonymous_25)","decl":{"start":{"line":777,"column":18},"end":{"line":777,"column":19}},"loc":{"start":{"line":777,"column":43},"end":{"line":785,"column":null}},"line":777},"26":{"name":"(anonymous_26)","decl":{"start":{"line":798,"column":10},"end":{"line":798,"column":37}},"loc":{"start":{"line":798,"column":65},"end":{"line":811,"column":null}},"line":798},"27":{"name":"(anonymous_27)","decl":{"start":{"line":801,"column":18},"end":{"line":801,"column":19}},"loc":{"start":{"line":801,"column":43},"end":{"line":807,"column":null}},"line":801},"28":{"name":"(anonymous_28)","decl":{"start":{"line":817,"column":10},"end":{"line":817,"column":29}},"loc":{"start":{"line":817,"column":57},"end":{"line":832,"column":null}},"line":817},"29":{"name":"(anonymous_29)","decl":{"start":{"line":820,"column":18},"end":{"line":820,"column":19}},"loc":{"start":{"line":820,"column":43},"end":{"line":828,"column":null}},"line":820},"30":{"name":"(anonymous_30)","decl":{"start":{"line":840,"column":10},"end":{"line":840,"column":32}},"loc":{"start":{"line":840,"column":72},"end":{"line":845,"column":null}},"line":840},"31":{"name":"(anonymous_31)","decl":{"start":{"line":855,"column":10},"end":{"line":855,"column":30}},"loc":{"start":{"line":855,"column":53},"end":{"line":875,"column":null}},"line":855},"32":{"name":"(anonymous_32)","decl":{"start":{"line":858,"column":18},"end":{"line":858,"column":19}},"loc":{"start":{"line":858,"column":44},"end":{"line":871,"column":null}},"line":858},"33":{"name":"(anonymous_33)","decl":{"start":{"line":881,"column":10},"end":{"line":881,"column":28}},"loc":{"start":{"line":881,"column":52},"end":{"line":896,"column":null}},"line":881},"34":{"name":"(anonymous_34)","decl":{"start":{"line":886,"column":30},"end":{"line":886,"column":31}},"loc":{"start":{"line":886,"column":37},"end":{"line":886,"column":75}},"line":886},"35":{"name":"(anonymous_35)","decl":{"start":{"line":898,"column":10},"end":{"line":898,"column":21}},"loc":{"start":{"line":898,"column":44},"end":{"line":900,"column":null}},"line":898},"36":{"name":"(anonymous_36)","decl":{"start":{"line":909,"column":10},"end":{"line":909,"column":null}},"loc":{"start":{"line":912,"column":25},"end":{"line":924,"column":null}},"line":912},"37":{"name":"(anonymous_37)","decl":{"start":{"line":930,"column":10},"end":{"line":930,"column":null}},"loc":{"start":{"line":936,"column":10},"end":{"line":953,"column":null}},"line":936},"38":{"name":"(anonymous_38)","decl":{"start":{"line":959,"column":10},"end":{"line":959,"column":21}},"loc":{"start":{"line":959,"column":98},"end":{"line":962,"column":null}},"line":959},"39":{"name":"(anonymous_39)","decl":{"start":{"line":964,"column":10},"end":{"line":964,"column":18}},"loc":{"start":{"line":964,"column":76},"end":{"line":967,"column":null}},"line":964},"40":{"name":"(anonymous_40)","decl":{"start":{"line":969,"column":10},"end":{"line":969,"column":22}},"loc":{"start":{"line":969,"column":80},"end":{"line":972,"column":null}},"line":969},"41":{"name":"(anonymous_41)","decl":{"start":{"line":974,"column":10},"end":{"line":974,"column":17}},"loc":{"start":{"line":974,"column":75},"end":{"line":977,"column":null}},"line":974},"42":{"name":"(anonymous_42)","decl":{"start":{"line":983,"column":10},"end":{"line":983,"column":24}},"loc":{"start":{"line":983,"column":57},"end":{"line":997,"column":null}},"line":983},"43":{"name":"(anonymous_43)","decl":{"start":{"line":999,"column":10},"end":{"line":999,"column":25}},"loc":{"start":{"line":999,"column":67},"end":{"line":1002,"column":null}},"line":999}},"branchMap":{"0":{"loc":{"start":{"line":112,"column":8},"end":{"line":112,"column":null}},"type":"binary-expr","locations":[{"start":{"line":112,"column":8},"end":{"line":112,"column":29}},{"start":{"line":112,"column":29},"end":{"line":112,"column":null}}],"line":112},"1":{"loc":{"start":{"line":136,"column":17},"end":{"line":136,"column":null}},"type":"cond-expr","locations":[{"start":{"line":136,"column":40},"end":{"line":136,"column":54}},{"start":{"line":136,"column":54},"end":{"line":136,"column":null}}],"line":136},"2":{"loc":{"start":{"line":174,"column":4},"end":{"line":174,"column":null}},"type":"if","locations":[{"start":{"line":174,"column":4},"end":{"line":174,"column":null}},{"start":{},"end":{}}],"line":174},"3":{"loc":{"start":{"line":177,"column":4},"end":{"line":177,"column":null}},"type":"if","locations":[{"start":{"line":177,"column":4},"end":{"line":177,"column":null}},{"start":{},"end":{}}],"line":177},"4":{"loc":{"start":{"line":198,"column":4},"end":{"line":198,"column":null}},"type":"default-arg","locations":[{"start":{"line":198,"column":32},"end":{"line":198,"column":null}}],"line":198},"5":{"loc":{"start":{"line":226,"column":6},"end":{"line":238,"column":null}},"type":"if","locations":[{"start":{"line":226,"column":6},"end":{"line":238,"column":null}},{"start":{"line":236,"column":13},"end":{"line":238,"column":null}}],"line":226},"6":{"loc":{"start":{"line":251,"column":6},"end":{"line":251,"column":null}},"type":"if","locations":[{"start":{"line":251,"column":6},"end":{"line":251,"column":null}},{"start":{},"end":{}}],"line":251},"7":{"loc":{"start":{"line":276,"column":6},"end":{"line":276,"column":null}},"type":"if","locations":[{"start":{"line":276,"column":6},"end":{"line":276,"column":null}},{"start":{},"end":{}}],"line":276},"8":{"loc":{"start":{"line":301,"column":6},"end":{"line":301,"column":null}},"type":"if","locations":[{"start":{"line":301,"column":6},"end":{"line":301,"column":null}},{"start":{},"end":{}}],"line":301},"9":{"loc":{"start":{"line":325,"column":6},"end":{"line":325,"column":null}},"type":"if","locations":[{"start":{"line":325,"column":6},"end":{"line":325,"column":null}},{"start":{},"end":{}}],"line":325},"10":{"loc":{"start":{"line":362,"column":6},"end":{"line":362,"column":null}},"type":"if","locations":[{"start":{"line":362,"column":6},"end":{"line":362,"column":null}},{"start":{},"end":{}}],"line":362},"11":{"loc":{"start":{"line":364,"column":6},"end":{"line":364,"column":null}},"type":"if","locations":[{"start":{"line":364,"column":6},"end":{"line":364,"column":null}},{"start":{},"end":{}}],"line":364},"12":{"loc":{"start":{"line":369,"column":8},"end":{"line":371,"column":null}},"type":"if","locations":[{"start":{"line":369,"column":8},"end":{"line":371,"column":null}},{"start":{},"end":{}}],"line":369},"13":{"loc":{"start":{"line":369,"column":12},"end":{"line":369,"column":47}},"type":"binary-expr","locations":[{"start":{"line":369,"column":12},"end":{"line":369,"column":24}},{"start":{"line":369,"column":24},"end":{"line":369,"column":47}}],"line":369},"14":{"loc":{"start":{"line":377,"column":6},"end":{"line":377,"column":null}},"type":"if","locations":[{"start":{"line":377,"column":6},"end":{"line":377,"column":null}},{"start":{},"end":{}}],"line":377},"15":{"loc":{"start":{"line":379,"column":6},"end":{"line":379,"column":null}},"type":"if","locations":[{"start":{"line":379,"column":6},"end":{"line":379,"column":null}},{"start":{},"end":{}}],"line":379},"16":{"loc":{"start":{"line":384,"column":8},"end":{"line":386,"column":null}},"type":"if","locations":[{"start":{"line":384,"column":8},"end":{"line":386,"column":null}},{"start":{},"end":{}}],"line":384},"17":{"loc":{"start":{"line":393,"column":8},"end":{"line":395,"column":null}},"type":"if","locations":[{"start":{"line":393,"column":8},"end":{"line":395,"column":null}},{"start":{},"end":{}}],"line":393},"18":{"loc":{"start":{"line":393,"column":12},"end":{"line":393,"column":59}},"type":"binary-expr","locations":[{"start":{"line":393,"column":12},"end":{"line":393,"column":30}},{"start":{"line":393,"column":30},"end":{"line":393,"column":59}}],"line":393},"19":{"loc":{"start":{"line":402,"column":8},"end":{"line":402,"column":null}},"type":"if","locations":[{"start":{"line":402,"column":8},"end":{"line":402,"column":null}},{"start":{},"end":{}}],"line":402},"20":{"loc":{"start":{"line":402,"column":12},"end":{"line":402,"column":117}},"type":"binary-expr","locations":[{"start":{"line":402,"column":12},"end":{"line":402,"column":44}},{"start":{"line":402,"column":44},"end":{"line":402,"column":69}},{"start":{"line":402,"column":69},"end":{"line":402,"column":117}}],"line":402},"21":{"loc":{"start":{"line":404,"column":8},"end":{"line":406,"column":null}},"type":"if","locations":[{"start":{"line":404,"column":8},"end":{"line":406,"column":null}},{"start":{},"end":{}}],"line":404},"22":{"loc":{"start":{"line":404,"column":12},"end":{"line":404,"column":47}},"type":"binary-expr","locations":[{"start":{"line":404,"column":12},"end":{"line":404,"column":24}},{"start":{"line":404,"column":24},"end":{"line":404,"column":47}}],"line":404},"23":{"loc":{"start":{"line":413,"column":6},"end":{"line":413,"column":null}},"type":"if","locations":[{"start":{"line":413,"column":6},"end":{"line":413,"column":null}},{"start":{},"end":{}}],"line":413},"24":{"loc":{"start":{"line":417,"column":8},"end":{"line":419,"column":null}},"type":"if","locations":[{"start":{"line":417,"column":8},"end":{"line":419,"column":null}},{"start":{},"end":{}}],"line":417},"25":{"loc":{"start":{"line":433,"column":6},"end":{"line":436,"column":null}},"type":"if","locations":[{"start":{"line":433,"column":6},"end":{"line":436,"column":null}},{"start":{},"end":{}}],"line":433},"26":{"loc":{"start":{"line":433,"column":10},"end":{"line":433,"column":55}},"type":"binary-expr","locations":[{"start":{"line":433,"column":10},"end":{"line":433,"column":44}},{"start":{"line":433,"column":44},"end":{"line":433,"column":55}}],"line":433},"27":{"loc":{"start":{"line":439,"column":6},"end":{"line":457,"column":null}},"type":"if","locations":[{"start":{"line":439,"column":6},"end":{"line":457,"column":null}},{"start":{},"end":{}}],"line":439},"28":{"loc":{"start":{"line":441,"column":10},"end":{"line":454,"column":null}},"type":"if","locations":[{"start":{"line":441,"column":10},"end":{"line":454,"column":null}},{"start":{},"end":{}}],"line":441},"29":{"loc":{"start":{"line":442,"column":12},"end":{"line":444,"column":null}},"type":"binary-expr","locations":[{"start":{"line":442,"column":12},"end":{"line":442,"column":null}},{"start":{"line":443,"column":12},"end":{"line":443,"column":null}},{"start":{"line":444,"column":13},"end":{"line":444,"column":53}},{"start":{"line":444,"column":53},"end":{"line":444,"column":null}}],"line":442},"30":{"loc":{"start":{"line":460,"column":6},"end":{"line":467,"column":null}},"type":"if","locations":[{"start":{"line":460,"column":6},"end":{"line":467,"column":null}},{"start":{},"end":{}}],"line":460},"31":{"loc":{"start":{"line":460,"column":10},"end":{"line":460,"column":58}},"type":"binary-expr","locations":[{"start":{"line":460,"column":10},"end":{"line":460,"column":41}},{"start":{"line":460,"column":41},"end":{"line":460,"column":58}}],"line":460},"32":{"loc":{"start":{"line":461,"column":8},"end":{"line":466,"column":null}},"type":"if","locations":[{"start":{"line":461,"column":8},"end":{"line":466,"column":null}},{"start":{},"end":{}}],"line":461},"33":{"loc":{"start":{"line":461,"column":12},"end":{"line":461,"column":78}},"type":"binary-expr","locations":[{"start":{"line":461,"column":12},"end":{"line":461,"column":56}},{"start":{"line":461,"column":56},"end":{"line":461,"column":78}}],"line":461},"34":{"loc":{"start":{"line":487,"column":6},"end":{"line":487,"column":null}},"type":"if","locations":[{"start":{"line":487,"column":6},"end":{"line":487,"column":null}},{"start":{},"end":{}}],"line":487},"35":{"loc":{"start":{"line":491,"column":23},"end":{"line":491,"column":null}},"type":"cond-expr","locations":[{"start":{"line":491,"column":35},"end":{"line":491,"column":67}},{"start":{"line":491,"column":67},"end":{"line":491,"column":null}}],"line":491},"36":{"loc":{"start":{"line":517,"column":6},"end":{"line":517,"column":null}},"type":"if","locations":[{"start":{"line":517,"column":6},"end":{"line":517,"column":null}},{"start":{},"end":{}}],"line":517},"37":{"loc":{"start":{"line":521,"column":23},"end":{"line":521,"column":null}},"type":"cond-expr","locations":[{"start":{"line":521,"column":39},"end":{"line":521,"column":75}},{"start":{"line":521,"column":75},"end":{"line":521,"column":null}}],"line":521},"38":{"loc":{"start":{"line":550,"column":6},"end":{"line":552,"column":null}},"type":"if","locations":[{"start":{"line":550,"column":6},"end":{"line":552,"column":null}},{"start":{},"end":{}}],"line":550},"39":{"loc":{"start":{"line":550,"column":10},"end":{"line":550,"column":52}},"type":"binary-expr","locations":[{"start":{"line":550,"column":10},"end":{"line":550,"column":41}},{"start":{"line":550,"column":41},"end":{"line":550,"column":52}}],"line":550},"40":{"loc":{"start":{"line":554,"column":6},"end":{"line":554,"column":null}},"type":"if","locations":[{"start":{"line":554,"column":6},"end":{"line":554,"column":null}},{"start":{},"end":{}}],"line":554},"41":{"loc":{"start":{"line":561,"column":6},"end":{"line":569,"column":null}},"type":"if","locations":[{"start":{"line":561,"column":6},"end":{"line":569,"column":null}},{"start":{},"end":{}}],"line":561},"42":{"loc":{"start":{"line":563,"column":10},"end":{"line":567,"column":null}},"type":"if","locations":[{"start":{"line":563,"column":10},"end":{"line":567,"column":null}},{"start":{},"end":{}}],"line":563},"43":{"loc":{"start":{"line":573,"column":8},"end":{"line":579,"column":null}},"type":"if","locations":[{"start":{"line":573,"column":8},"end":{"line":579,"column":null}},{"start":{"line":575,"column":8},"end":{"line":579,"column":null}}],"line":573},"44":{"loc":{"start":{"line":573,"column":12},"end":{"line":573,"column":59}},"type":"binary-expr","locations":[{"start":{"line":573,"column":12},"end":{"line":573,"column":46}},{"start":{"line":573,"column":46},"end":{"line":573,"column":59}}],"line":573},"45":{"loc":{"start":{"line":575,"column":8},"end":{"line":579,"column":null}},"type":"if","locations":[{"start":{"line":575,"column":8},"end":{"line":579,"column":null}},{"start":{"line":577,"column":8},"end":{"line":579,"column":null}}],"line":575},"46":{"loc":{"start":{"line":577,"column":8},"end":{"line":579,"column":null}},"type":"if","locations":[{"start":{"line":577,"column":8},"end":{"line":579,"column":null}},{"start":{},"end":{}}],"line":577},"47":{"loc":{"start":{"line":577,"column":19},"end":{"line":577,"column":68}},"type":"binary-expr","locations":[{"start":{"line":577,"column":19},"end":{"line":577,"column":55}},{"start":{"line":577,"column":55},"end":{"line":577,"column":68}}],"line":577},"48":{"loc":{"start":{"line":610,"column":6},"end":{"line":628,"column":null}},"type":"if","locations":[{"start":{"line":610,"column":6},"end":{"line":628,"column":null}},{"start":{},"end":{}}],"line":610},"49":{"loc":{"start":{"line":631,"column":6},"end":{"line":649,"column":null}},"type":"if","locations":[{"start":{"line":631,"column":6},"end":{"line":649,"column":null}},{"start":{},"end":{}}],"line":631},"50":{"loc":{"start":{"line":633,"column":8},"end":{"line":639,"column":null}},"type":"if","locations":[{"start":{"line":633,"column":8},"end":{"line":639,"column":null}},{"start":{},"end":{}}],"line":633},"51":{"loc":{"start":{"line":635,"column":12},"end":{"line":637,"column":null}},"type":"if","locations":[{"start":{"line":635,"column":12},"end":{"line":637,"column":null}},{"start":{},"end":{}}],"line":635},"52":{"loc":{"start":{"line":635,"column":16},"end":{"line":635,"column":53}},"type":"binary-expr","locations":[{"start":{"line":635,"column":16},"end":{"line":635,"column":45}},{"start":{"line":635,"column":45},"end":{"line":635,"column":53}}],"line":635},"53":{"loc":{"start":{"line":652,"column":6},"end":{"line":663,"column":null}},"type":"if","locations":[{"start":{"line":652,"column":6},"end":{"line":663,"column":null}},{"start":{},"end":{}}],"line":652},"54":{"loc":{"start":{"line":680,"column":4},"end":{"line":682,"column":null}},"type":"if","locations":[{"start":{"line":680,"column":4},"end":{"line":682,"column":null}},{"start":{},"end":{}}],"line":680},"55":{"loc":{"start":{"line":680,"column":8},"end":{"line":680,"column":106}},"type":"binary-expr","locations":[{"start":{"line":680,"column":8},"end":{"line":680,"column":20}},{"start":{"line":680,"column":20},"end":{"line":680,"column":64}},{"start":{"line":680,"column":64},"end":{"line":680,"column":106}}],"line":680},"56":{"loc":{"start":{"line":685,"column":4},"end":{"line":685,"column":null}},"type":"if","locations":[{"start":{"line":685,"column":4},"end":{"line":685,"column":null}},{"start":{},"end":{}}],"line":685},"57":{"loc":{"start":{"line":690,"column":4},"end":{"line":696,"column":null}},"type":"if","locations":[{"start":{"line":690,"column":4},"end":{"line":696,"column":null}},{"start":{},"end":{}}],"line":690},"58":{"loc":{"start":{"line":691,"column":6},"end":{"line":693,"column":null}},"type":"binary-expr","locations":[{"start":{"line":691,"column":6},"end":{"line":691,"column":null}},{"start":{"line":692,"column":6},"end":{"line":692,"column":null}},{"start":{"line":693,"column":6},"end":{"line":693,"column":null}}],"line":691},"59":{"loc":{"start":{"line":700,"column":6},"end":{"line":702,"column":null}},"type":"if","locations":[{"start":{"line":700,"column":6},"end":{"line":702,"column":null}},{"start":{},"end":{}}],"line":700},"60":{"loc":{"start":{"line":700,"column":10},"end":{"line":700,"column":45}},"type":"binary-expr","locations":[{"start":{"line":700,"column":10},"end":{"line":700,"column":20}},{"start":{"line":700,"column":20},"end":{"line":700,"column":45}}],"line":700},"61":{"loc":{"start":{"line":719,"column":6},"end":{"line":719,"column":null}},"type":"if","locations":[{"start":{"line":719,"column":6},"end":{"line":719,"column":null}},{"start":{},"end":{}}],"line":719},"62":{"loc":{"start":{"line":719,"column":10},"end":{"line":719,"column":73}},"type":"binary-expr","locations":[{"start":{"line":719,"column":10},"end":{"line":719,"column":44}},{"start":{"line":719,"column":44},"end":{"line":719,"column":73}}],"line":719},"63":{"loc":{"start":{"line":720,"column":6},"end":{"line":731,"column":null}},"type":"if","locations":[{"start":{"line":720,"column":6},"end":{"line":731,"column":null}},{"start":{},"end":{}}],"line":720},"64":{"loc":{"start":{"line":722,"column":10},"end":{"line":729,"column":null}},"type":"if","locations":[{"start":{"line":722,"column":10},"end":{"line":729,"column":null}},{"start":{},"end":{}}],"line":722},"65":{"loc":{"start":{"line":723,"column":12},"end":{"line":726,"column":null}},"type":"binary-expr","locations":[{"start":{"line":723,"column":12},"end":{"line":723,"column":null}},{"start":{"line":724,"column":12},"end":{"line":724,"column":null}},{"start":{"line":725,"column":12},"end":{"line":725,"column":null}},{"start":{"line":726,"column":13},"end":{"line":726,"column":53}},{"start":{"line":726,"column":53},"end":{"line":726,"column":null}}],"line":723},"66":{"loc":{"start":{"line":734,"column":8},"end":{"line":734,"column":null}},"type":"if","locations":[{"start":{"line":734,"column":8},"end":{"line":734,"column":null}},{"start":{},"end":{}}],"line":734},"67":{"loc":{"start":{"line":740,"column":4},"end":{"line":740,"column":null}},"type":"if","locations":[{"start":{"line":740,"column":4},"end":{"line":740,"column":null}},{"start":{},"end":{}}],"line":740},"68":{"loc":{"start":{"line":740,"column":8},"end":{"line":740,"column":55}},"type":"binary-expr","locations":[{"start":{"line":740,"column":8},"end":{"line":740,"column":21}},{"start":{"line":740,"column":21},"end":{"line":740,"column":55}}],"line":740},"69":{"loc":{"start":{"line":745,"column":4},"end":{"line":763,"column":null}},"type":"if","locations":[{"start":{"line":745,"column":4},"end":{"line":763,"column":null}},{"start":{"line":751,"column":4},"end":{"line":763,"column":null}}],"line":745},"70":{"loc":{"start":{"line":747,"column":8},"end":{"line":749,"column":null}},"type":"if","locations":[{"start":{"line":747,"column":8},"end":{"line":749,"column":null}},{"start":{},"end":{}}],"line":747},"71":{"loc":{"start":{"line":747,"column":12},"end":{"line":747,"column":75}},"type":"binary-expr","locations":[{"start":{"line":747,"column":12},"end":{"line":747,"column":44}},{"start":{"line":747,"column":44},"end":{"line":747,"column":75}}],"line":747},"72":{"loc":{"start":{"line":751,"column":4},"end":{"line":763,"column":null}},"type":"if","locations":[{"start":{"line":751,"column":4},"end":{"line":763,"column":null}},{"start":{"line":759,"column":4},"end":{"line":763,"column":null}}],"line":751},"73":{"loc":{"start":{"line":753,"column":13},"end":{"line":753,"column":71}},"type":"binary-expr","locations":[{"start":{"line":753,"column":13},"end":{"line":753,"column":32}},{"start":{"line":753,"column":32},"end":{"line":753,"column":71}}],"line":753},"74":{"loc":{"start":{"line":755,"column":8},"end":{"line":757,"column":null}},"type":"if","locations":[{"start":{"line":755,"column":8},"end":{"line":757,"column":null}},{"start":{},"end":{}}],"line":755},"75":{"loc":{"start":{"line":755,"column":12},"end":{"line":755,"column":59}},"type":"binary-expr","locations":[{"start":{"line":755,"column":12},"end":{"line":755,"column":46}},{"start":{"line":755,"column":46},"end":{"line":755,"column":59}}],"line":755},"76":{"loc":{"start":{"line":759,"column":4},"end":{"line":763,"column":null}},"type":"if","locations":[{"start":{"line":759,"column":4},"end":{"line":763,"column":null}},{"start":{},"end":{}}],"line":759},"77":{"loc":{"start":{"line":761,"column":13},"end":{"line":761,"column":73}},"type":"binary-expr","locations":[{"start":{"line":761,"column":13},"end":{"line":761,"column":32}},{"start":{"line":761,"column":32},"end":{"line":761,"column":73}}],"line":761},"78":{"loc":{"start":{"line":773,"column":4},"end":{"line":773,"column":null}},"type":"if","locations":[{"start":{"line":773,"column":4},"end":{"line":773,"column":null}},{"start":{},"end":{}}],"line":773},"79":{"loc":{"start":{"line":778,"column":6},"end":{"line":783,"column":null}},"type":"if","locations":[{"start":{"line":778,"column":6},"end":{"line":783,"column":null}},{"start":{},"end":{}}],"line":778},"80":{"loc":{"start":{"line":780,"column":8},"end":{"line":782,"column":null}},"type":"if","locations":[{"start":{"line":780,"column":8},"end":{"line":782,"column":null}},{"start":{},"end":{}}],"line":780},"81":{"loc":{"start":{"line":780,"column":12},"end":{"line":780,"column":43}},"type":"binary-expr","locations":[{"start":{"line":780,"column":12},"end":{"line":780,"column":20}},{"start":{"line":780,"column":20},"end":{"line":780,"column":43}}],"line":780},"82":{"loc":{"start":{"line":802,"column":6},"end":{"line":805,"column":null}},"type":"if","locations":[{"start":{"line":802,"column":6},"end":{"line":805,"column":null}},{"start":{},"end":{}}],"line":802},"83":{"loc":{"start":{"line":804,"column":8},"end":{"line":804,"column":null}},"type":"if","locations":[{"start":{"line":804,"column":8},"end":{"line":804,"column":null}},{"start":{},"end":{}}],"line":804},"84":{"loc":{"start":{"line":821,"column":6},"end":{"line":826,"column":null}},"type":"if","locations":[{"start":{"line":821,"column":6},"end":{"line":826,"column":null}},{"start":{},"end":{}}],"line":821},"85":{"loc":{"start":{"line":821,"column":10},"end":{"line":821,"column":76}},"type":"binary-expr","locations":[{"start":{"line":821,"column":10},"end":{"line":821,"column":42}},{"start":{"line":821,"column":42},"end":{"line":821,"column":76}}],"line":821},"86":{"loc":{"start":{"line":823,"column":8},"end":{"line":825,"column":null}},"type":"if","locations":[{"start":{"line":823,"column":8},"end":{"line":825,"column":null}},{"start":{},"end":{}}],"line":823},"87":{"loc":{"start":{"line":823,"column":12},"end":{"line":823,"column":98}},"type":"binary-expr","locations":[{"start":{"line":823,"column":12},"end":{"line":823,"column":56}},{"start":{"line":823,"column":56},"end":{"line":823,"column":98}}],"line":823},"88":{"loc":{"start":{"line":841,"column":4},"end":{"line":843,"column":null}},"type":"if","locations":[{"start":{"line":841,"column":4},"end":{"line":843,"column":null}},{"start":{},"end":{}}],"line":841},"89":{"loc":{"start":{"line":859,"column":6},"end":{"line":861,"column":null}},"type":"if","locations":[{"start":{"line":859,"column":6},"end":{"line":861,"column":null}},{"start":{},"end":{}}],"line":859},"90":{"loc":{"start":{"line":863,"column":6},"end":{"line":869,"column":null}},"type":"if","locations":[{"start":{"line":863,"column":6},"end":{"line":869,"column":null}},{"start":{},"end":{}}],"line":863},"91":{"loc":{"start":{"line":864,"column":8},"end":{"line":866,"column":null}},"type":"binary-expr","locations":[{"start":{"line":864,"column":8},"end":{"line":864,"column":null}},{"start":{"line":865,"column":9},"end":{"line":865,"column":null}},{"start":{"line":866,"column":10},"end":{"line":866,"column":null}}],"line":864},"92":{"loc":{"start":{"line":883,"column":4},"end":{"line":888,"column":null}},"type":"if","locations":[{"start":{"line":883,"column":4},"end":{"line":888,"column":null}},{"start":{},"end":{}}],"line":883},"93":{"loc":{"start":{"line":885,"column":6},"end":{"line":887,"column":null}},"type":"if","locations":[{"start":{"line":885,"column":6},"end":{"line":887,"column":null}},{"start":{},"end":{}}],"line":885},"94":{"loc":{"start":{"line":891,"column":4},"end":{"line":893,"column":null}},"type":"if","locations":[{"start":{"line":891,"column":4},"end":{"line":893,"column":null}},{"start":{},"end":{}}],"line":891},"95":{"loc":{"start":{"line":891,"column":8},"end":{"line":891,"column":59}},"type":"binary-expr","locations":[{"start":{"line":891,"column":8},"end":{"line":891,"column":23}},{"start":{"line":891,"column":23},"end":{"line":891,"column":59}}],"line":891},"96":{"loc":{"start":{"line":899,"column":11},"end":{"line":899,"column":null}},"type":"binary-expr","locations":[{"start":{"line":899,"column":11},"end":{"line":899,"column":37}},{"start":{"line":899,"column":37},"end":{"line":899,"column":56}},{"start":{"line":899,"column":56},"end":{"line":899,"column":null}}],"line":899},"97":{"loc":{"start":{"line":917,"column":6},"end":{"line":920,"column":null}},"type":"if","locations":[{"start":{"line":917,"column":6},"end":{"line":920,"column":null}},{"start":{},"end":{}}],"line":917},"98":{"loc":{"start":{"line":938,"column":4},"end":{"line":938,"column":null}},"type":"if","locations":[{"start":{"line":938,"column":4},"end":{"line":938,"column":null}},{"start":{},"end":{}}],"line":938},"99":{"loc":{"start":{"line":985,"column":4},"end":{"line":996,"column":null}},"type":"switch","locations":[{"start":{"line":986,"column":6},"end":{"line":987,"column":null}},{"start":{"line":988,"column":6},"end":{"line":989,"column":null}},{"start":{"line":990,"column":6},"end":{"line":991,"column":null}},{"start":{"line":992,"column":6},"end":{"line":993,"column":null}},{"start":{"line":994,"column":6},"end":{"line":995,"column":null}}],"line":985}},"s":{"0":1,"1":1,"2":36,"3":36,"4":4,"5":4,"6":4,"7":8,"8":4,"9":4,"10":4,"11":7,"12":7,"13":7,"14":7,"15":7,"16":0,"17":7,"18":7,"19":4,"20":0,"21":0,"22":0,"23":0,"24":0,"25":0,"26":0,"27":0,"28":0,"29":0,"30":0,"31":0,"32":41,"33":41,"34":0,"35":41,"36":41,"37":41,"38":41,"39":41,"40":41,"41":41,"42":60,"43":16,"44":44,"45":41,"46":41,"47":41,"48":41,"49":41,"50":44,"51":44,"52":6,"53":38,"54":38,"55":38,"56":41,"57":7,"58":7,"59":0,"60":7,"61":7,"62":7,"63":41,"64":16,"65":16,"66":0,"67":16,"68":16,"69":16,"70":41,"71":29,"72":29,"73":0,"74":29,"75":29,"76":29,"77":41,"78":41,"79":41,"80":41,"81":38,"82":41,"83":16,"84":41,"85":29,"86":41,"87":41,"88":44,"89":1,"90":43,"91":43,"92":6,"93":37,"94":37,"95":22,"96":22,"97":22,"98":41,"99":16,"100":0,"101":16,"102":16,"103":0,"104":16,"105":14,"106":14,"107":0,"108":16,"109":16,"110":7,"111":7,"112":7,"113":16,"114":16,"115":21,"116":14,"117":7,"118":7,"119":0,"120":41,"121":7,"122":7,"123":0,"124":7,"125":7,"126":7,"127":7,"128":41,"129":41,"130":823,"131":37,"132":37,"133":786,"134":24,"135":24,"136":23,"137":23,"138":24,"139":762,"140":0,"141":0,"142":0,"143":762,"144":41,"145":104,"146":41,"147":37,"148":23,"149":15,"150":8,"151":37,"152":37,"153":37,"154":37,"155":37,"156":37,"157":23,"158":35,"159":28,"160":7,"161":23,"162":23,"163":23,"164":23,"165":23,"166":23,"167":41,"168":41,"169":104,"170":7,"171":104,"172":97,"173":7,"174":7,"175":7,"176":7,"177":7,"178":7,"179":7,"180":7,"181":7,"182":35,"183":14,"184":21,"185":7,"186":14,"187":14,"188":7,"189":7,"190":7,"191":7,"192":41,"193":41,"194":41,"195":104,"196":19,"197":36,"198":29,"199":19,"200":36,"201":7,"202":19,"203":104,"204":5,"205":5,"206":0,"207":0,"208":0,"209":5,"210":104,"211":5,"212":15,"213":5,"214":41,"215":60,"216":44,"217":16,"218":0,"219":16,"220":228,"221":16,"222":212,"223":212,"224":212,"225":37,"226":212,"227":16,"228":16,"229":473,"230":7,"231":466,"232":16,"233":16,"234":9,"235":457,"236":480,"237":457,"238":457,"239":16,"240":16,"241":2,"242":14,"243":14,"244":14,"245":21,"246":21,"247":0,"248":0,"249":0,"250":0,"251":0,"252":0,"253":14,"254":16,"255":0,"256":16,"257":16,"258":639,"259":28,"260":28,"261":14,"262":639,"263":16,"264":16,"265":53,"266":53,"267":980,"268":53,"269":53,"270":43,"271":980,"272":53,"273":53,"274":16,"275":16,"276":639,"277":37,"278":37,"279":7,"280":639,"281":16,"282":16,"283":81,"284":64,"285":17,"286":60,"287":60,"288":1407,"289":9,"290":1407,"291":0,"292":1407,"293":60,"294":60,"295":96,"296":96,"297":96,"298":68,"299":68,"300":28,"301":0,"302":28,"303":21,"304":123,"305":123,"306":123,"307":441,"308":91,"309":91,"310":123,"311":36,"312":36,"313":0,"314":36,"315":36,"316":44,"317":44,"318":7,"319":7,"320":16,"321":16,"322":29,"323":29,"324":7,"325":7,"326":2,"327":5,"328":0,"329":0,"330":0,"331":7,"332":7},"f":{"0":36,"1":4,"2":8,"3":0,"4":41,"5":41,"6":823,"7":37,"8":23,"9":23,"10":35,"11":41,"12":41,"13":36,"14":29,"15":36,"16":7,"17":15,"18":60,"19":228,"20":212,"21":16,"22":473,"23":480,"24":16,"25":639,"26":53,"27":980,"28":16,"29":639,"30":81,"31":60,"32":1407,"33":96,"34":68,"35":21,"36":123,"37":36,"38":44,"39":7,"40":16,"41":29,"42":7,"43":7},"b":{"0":[8,8],"1":[0,0],"2":[0,0],"3":[0,0],"4":[41],"5":[16,44],"6":[6,38],"7":[0,7],"8":[0,16],"9":[0,29],"10":[1,43],"11":[6,37],"12":[22,0],"13":[22,22],"14":[0,16],"15":[0,16],"16":[0,14],"17":[7,0],"18":[7,7],"19":[14,7],"20":[21,14,14],"21":[0,7],"22":[7,0],"23":[0,7],"24":[7,0],"25":[37,786],"26":[823,37],"27":[24,762],"28":[23,1],"29":[24,24,24,1],"30":[0,762],"31":[762,0],"32":[0,0],"33":[0,0],"34":[15,8],"35":[16,21],"36":[28,7],"37":[0,23],"38":[7,97],"39":[104,7],"40":[97,7],"41":[7,0],"42":[7,0],"43":[14,21],"44":[35,14],"45":[7,14],"46":[14,0],"47":[14,14],"48":[19,85],"49":[5,99],"50":[0,5],"51":[0,0],"52":[0,0],"53":[5,99],"54":[44,16],"55":[60,60,16],"56":[0,16],"57":[16,212],"58":[228,212,212],"59":[37,175],"60":[212,212],"61":[7,466],"62":[473,7],"63":[16,450],"64":[9,7],"65":[16,16,9,9,0],"66":[457,23],"67":[2,14],"68":[16,16],"69":[14,0],"70":[21,0],"71":[21,21],"72":[0,0],"73":[0,0],"74":[0,0],"75":[0,0],"76":[0,0],"77":[0,0],"78":[0,16],"79":[28,611],"80":[14,14],"81":[28,21],"82":[53,927],"83":[43,10],"84":[37,602],"85":[639,609],"86":[7,30],"87":[37,7],"88":[64,17],"89":[9,1398],"90":[0,1407],"91":[1407,41,41],"92":[96,0],"93":[68,28],"94":[0,28],"95":[28,28],"96":[21,14,14],"97":[91,350],"98":[0,36],"99":[2,5,0,0,0]},"meta":{"lastBranch":100,"lastFunction":44,"lastStatement":333,"seen":{"s:27:23:27:Infinity":0,"s:30:21:41:Infinity":1,"f:92:2:92:Infinity":0,"s:93:12:93:Infinity":2,"s:94:12:94:Infinity":3,"f:105:8:105:22":1,"s:106:22:106:Infinity":4,"s:109:21:109:Infinity":5,"s:110:22:113:Infinity":6,"f:111:6:111:7":2,"s:112:8:112:Infinity":7,"b:112:8:112:29:112:29:112:Infinity":0,"s:115:4:121:Infinity":8,"s:123:25:123:Infinity":9,"s:125:4:152:Infinity":10,"s:126:6:140:Infinity":11,"s:127:24:127:Infinity":12,"s:128:24:128:Infinity":13,"s:129:27:129:Infinity":14,"s:130:8:130:Infinity":15,"s:132:8:139:Infinity":16,"b:136:40:136:54:136:54:136:Infinity":1,"s:142:6:142:Infinity":17,"s:143:6:151:Infinity":18,"s:154:4:164:Infinity":19,"f:171:2:171:13":3,"s:172:10:172:Infinity":20,"s:173:10:173:Infinity":21,"b:174:4:174:Infinity:undefined:undefined:undefined:undefined":2,"s:174:4:174:Infinity":22,"s:174:34:174:Infinity":23,"s:176:21:176:Infinity":24,"b:177:4:177:Infinity:undefined:undefined:undefined:undefined":3,"s:177:4:177:Infinity":25,"s:177:19:177:Infinity":26,"s:179:4:186:Infinity":27,"s:180:31:180:Infinity":28,"s:181:22:181:Infinity":29,"s:182:25:182:Infinity":30,"s:183:6:183:Infinity":31,"f:193:2:193:Infinity":4,"b:198:32:198:Infinity":4,"s:201:4:212:Infinity":32,"s:202:6:208:Infinity":33,"s:211:6:211:Infinity":34,"s:214:16:214:Infinity":35,"s:217:22:217:Infinity":36,"s:218:20:218:Infinity":37,"s:219:18:219:Infinity":38,"s:222:45:222:Infinity":39,"s:223:47:223:Infinity":40,"s:225:4:239:Infinity":41,"b:226:6:238:Infinity:236:13:238:Infinity":5,"s:226:6:238:Infinity":42,"s:227:8:235:Infinity":43,"s:237:8:237:Infinity":44,"s:242:24:242:Infinity":45,"s:243:25:243:Infinity":46,"s:244:20:244:Infinity":47,"s:245:21:245:Infinity":48,"s:248:4:271:Infinity":49,"s:249:17:249:Infinity":50,"b:251:6:251:Infinity:undefined:undefined:undefined:undefined":6,"s:251:6:251:Infinity":51,"s:251:34:251:Infinity":52,"s:253:33:268:Infinity":53,"s:269:6:269:Infinity":54,"s:270:6:270:Infinity":55,"s:274:4:296:Infinity":56,"s:275:17:275:Infinity":57,"b:276:6:276:Infinity:undefined:undefined:undefined:undefined":7,"s:276:6:276:Infinity":58,"s:276:34:276:Infinity":59,"s:278:30:293:Infinity":60,"s:294:6:294:Infinity":61,"s:295:6:295:Infinity":62,"s:299:4:320:Infinity":63,"s:300:17:300:Infinity":64,"b:301:6:301:Infinity:undefined:undefined:undefined:undefined":8,"s:301:6:301:Infinity":65,"s:301:34:301:Infinity":66,"s:303:34:317:Infinity":67,"s:318:6:318:Infinity":68,"s:319:6:319:Infinity":69,"s:323:4:344:Infinity":70,"s:324:17:324:Infinity":71,"b:325:6:325:Infinity:undefined:undefined:undefined:undefined":9,"s:325:6:325:Infinity":72,"s:325:34:325:Infinity":73,"s:327:39:341:Infinity":74,"s:342:6:342:Infinity":75,"s:343:6:343:Infinity":76,"s:348:32:348:Infinity":77,"s:349:33:349:Infinity":78,"s:350:28:350:Infinity":79,"s:353:4:353:Infinity":80,"s:353:42:353:Infinity":81,"s:354:4:354:Infinity":82,"s:354:43:354:Infinity":83,"s:355:4:355:Infinity":84,"s:355:38:355:Infinity":85,"s:356:4:358:Infinity":86,"s:361:4:373:Infinity":87,"b:362:6:362:Infinity:undefined:undefined:undefined:undefined":10,"s:362:6:362:Infinity":88,"s:362:20:362:Infinity":89,"s:363:23:363:Infinity":90,"b:364:6:364:Infinity:undefined:undefined:undefined:undefined":11,"s:364:6:364:Infinity":91,"s:364:21:364:Infinity":92,"s:366:22:366:Infinity":93,"s:367:6:372:Infinity":94,"s:368:25:368:Infinity":95,"b:369:8:371:Infinity:undefined:undefined:undefined:undefined":12,"s:369:8:371:Infinity":96,"b:369:12:369:24:369:24:369:47":13,"s:370:10:370:Infinity":97,"s:376:4:408:Infinity":98,"b:377:6:377:Infinity:undefined:undefined:undefined:undefined":14,"s:377:6:377:Infinity":99,"s:377:22:377:Infinity":100,"s:378:23:378:Infinity":101,"b:379:6:379:Infinity:undefined:undefined:undefined:undefined":15,"s:379:6:379:Infinity":102,"s:379:21:379:Infinity":103,"s:382:6:387:Infinity":104,"s:383:29:383:Infinity":105,"b:384:8:386:Infinity:undefined:undefined:undefined:undefined":16,"s:384:8:386:Infinity":106,"s:385:10:385:Infinity":107,"s:390:26:390:Infinity":108,"s:391:6:396:Infinity":109,"s:392:31:392:Infinity":110,"b:393:8:395:Infinity:undefined:undefined:undefined:undefined":17,"s:393:8:395:Infinity":111,"b:393:12:393:30:393:30:393:59":18,"s:394:10:394:Infinity":112,"s:399:22:399:Infinity":113,"s:400:6:407:Infinity":114,"b:402:8:402:Infinity:undefined:undefined:undefined:undefined":19,"s:402:8:402:Infinity":115,"b:402:12:402:44:402:44:402:69:402:69:402:117":20,"s:402:117:402:Infinity":116,"s:403:25:403:Infinity":117,"b:404:8:406:Infinity:undefined:undefined:undefined:undefined":21,"s:404:8:406:Infinity":118,"b:404:12:404:24:404:24:404:47":22,"s:405:10:405:Infinity":119,"s:411:4:421:Infinity":120,"s:412:23:412:Infinity":121,"b:413:6:413:Infinity:undefined:undefined:undefined:undefined":23,"s:413:6:413:Infinity":122,"s:413:21:413:Infinity":123,"s:415:6:420:Infinity":124,"s:416:25:416:Infinity":125,"b:417:8:419:Infinity:undefined:undefined:undefined:undefined":24,"s:417:8:419:Infinity":126,"s:418:10:418:Infinity":127,"f:428:10:428:27":5,"s:429:41:429:Infinity":128,"s:431:18:471:Infinity":129,"f:431:18:431:19":6,"b:433:6:436:Infinity:undefined:undefined:undefined:undefined":25,"s:433:6:436:Infinity":130,"b:433:10:433:44:433:44:433:55":26,"s:434:8:434:Infinity":131,"s:435:8:435:Infinity":132,"b:439:6:457:Infinity:undefined:undefined:undefined:undefined":27,"s:439:6:457:Infinity":133,"s:440:8:455:Infinity":134,"b:441:10:454:Infinity:undefined:undefined:undefined:undefined":28,"s:441:10:454:Infinity":135,"b:442:12:442:Infinity:443:12:443:Infinity:444:13:444:53:444:53:444:Infinity":29,"s:446:23:452:Infinity":136,"s:453:12:453:Infinity":137,"s:456:8:456:Infinity":138,"b:460:6:467:Infinity:undefined:undefined:undefined:undefined":30,"s:460:6:467:Infinity":139,"b:460:10:460:41:460:41:460:58":31,"b:461:8:466:Infinity:undefined:undefined:undefined:undefined":32,"s:461:8:466:Infinity":140,"b:461:12:461:56:461:56:461:78":33,"s:462:10:464:Infinity":141,"s:465:10:465:Infinity":142,"s:470:6:470:Infinity":143,"s:474:4:476:Infinity":144,"s:475:6:475:Infinity":145,"s:478:4:478:Infinity":146,"f:481:10:481:Infinity":7,"s:486:19:489:Infinity":147,"f:486:39:486:40":8,"b:487:6:487:Infinity:undefined:undefined:undefined:undefined":34,"s:487:6:487:Infinity":148,"s:487:35:487:Infinity":149,"s:488:6:488:Infinity":150,"s:491:23:491:Infinity":151,"b:491:35:491:67:491:67:491:Infinity":35,"s:492:22:492:Infinity":152,"s:493:20:493:Infinity":153,"s:494:23:494:Infinity":154,"s:495:23:495:Infinity":155,"s:497:4:506:Infinity":156,"f:509:10:509:Infinity":9,"s:516:19:519:Infinity":157,"f:516:43:516:44":10,"b:517:6:517:Infinity:undefined:undefined:undefined:undefined":36,"s:517:6:517:Infinity":158,"s:517:35:517:Infinity":159,"s:518:6:518:Infinity":160,"s:521:23:521:Infinity":161,"b:521:39:521:75:521:75:521:Infinity":37,"s:523:6:523:Infinity":162,"s:524:20:524:Infinity":163,"s:525:23:525:Infinity":164,"s:526:23:526:Infinity":165,"s:528:4:537:Infinity":166,"f:544:10:544:25":11,"s:545:38:545:Infinity":167,"s:547:4:596:Infinity":168,"b:550:6:552:Infinity:undefined:undefined:undefined:undefined":38,"s:550:6:552:Infinity":169,"b:550:10:550:41:550:41:550:52":39,"s:551:8:551:Infinity":170,"b:554:6:554:Infinity:undefined:undefined:undefined:undefined":40,"s:554:6:554:Infinity":171,"s:554:22:554:Infinity":172,"s:556:32:556:Infinity":173,"s:557:35:557:Infinity":174,"s:558:39:558:Infinity":175,"b:561:6:569:Infinity:undefined:undefined:undefined:undefined":41,"s:561:6:569:Infinity":176,"s:562:8:568:Infinity":177,"b:563:10:567:Infinity:undefined:undefined:undefined:undefined":42,"s:563:10:567:Infinity":178,"s:564:12:566:Infinity":179,"s:565:14:565:Infinity":180,"s:572:6:580:Infinity":181,"b:573:8:579:Infinity:575:8:579:Infinity":43,"s:573:8:579:Infinity":182,"b:573:12:573:46:573:46:573:59":44,"s:574:10:574:Infinity":183,"b:575:8:579:Infinity:577:8:579:Infinity":45,"s:575:8:579:Infinity":184,"s:576:10:576:Infinity":185,"b:577:8:579:Infinity:undefined:undefined:undefined:undefined":46,"s:577:8:579:Infinity":186,"b:577:19:577:55:577:55:577:68":47,"s:578:10:578:Infinity":187,"s:583:8:583:Infinity":188,"s:584:22:584:Infinity":189,"s:585:25:585:Infinity":190,"s:587:6:595:Infinity":191,"s:598:4:598:Infinity":192,"f:605:10:605:23":12,"s:606:37:606:Infinity":193,"s:608:4:664:Infinity":194,"b:610:6:628:Infinity:undefined:undefined:undefined:undefined":48,"s:610:6:628:Infinity":195,"s:611:23:613:Infinity":196,"f:612:18:612:19":13,"s:612:52:612:77":197,"f:613:15:613:16":14,"s:613:22:613:48":198,"s:616:29:618:Infinity":199,"f:617:18:617:19":15,"s:617:50:617:73":200,"f:618:15:618:16":16,"s:618:22:618:48":201,"s:620:8:627:Infinity":202,"b:631:6:649:Infinity:undefined:undefined:undefined:undefined":49,"s:631:6:649:Infinity":203,"s:632:33:632:Infinity":204,"b:633:8:639:Infinity:undefined:undefined:undefined:undefined":50,"s:633:8:639:Infinity":205,"s:634:10:638:Infinity":206,"b:635:12:637:Infinity:undefined:undefined:undefined:undefined":51,"s:635:12:637:Infinity":207,"b:635:16:635:45:635:45:635:53":52,"s:636:14:636:Infinity":208,"s:641:8:648:Infinity":209,"b:652:6:663:Infinity:undefined:undefined:undefined:undefined":53,"s:652:6:663:Infinity":210,"s:653:23:653:Infinity":211,"f:653:40:653:41":17,"s:653:47:653:73":212,"s:655:8:662:Infinity":213,"s:666:4:666:Infinity":214,"f:678:10:678:27":18,"b:680:4:682:Infinity:undefined:undefined:undefined:undefined":54,"s:680:4:682:Infinity":215,"b:680:8:680:20:680:20:680:64:680:64:680:106":55,"s:681:6:681:Infinity":216,"b:685:4:685:Infinity:undefined:undefined:undefined:undefined":56,"s:685:4:685:Infinity":217,"s:685:18:685:Infinity":218,"s:686:4:686:Infinity":219,"f:689:10:689:22":19,"b:690:4:696:Infinity:undefined:undefined:undefined:undefined":57,"s:690:4:696:Infinity":220,"b:691:6:691:Infinity:692:6:692:Infinity:693:6:693:Infinity":58,"s:695:6:695:Infinity":221,"s:698:16:698:Infinity":222,"s:699:4:703:Infinity":223,"f:699:26:699:27":20,"b:700:6:702:Infinity:undefined:undefined:undefined:undefined":59,"s:700:6:702:Infinity":224,"b:700:10:700:20:700:20:700:45":60,"s:701:8:701:Infinity":225,"s:704:4:704:Infinity":226,"f:710:10:710:23":21,"s:715:28:715:Infinity":227,"s:718:21:737:Infinity":228,"f:718:21:718:22":22,"b:719:6:719:Infinity:undefined:undefined:undefined:undefined":61,"s:719:6:719:Infinity":229,"b:719:10:719:44:719:44:719:73":62,"s:719:73:719:Infinity":230,"b:720:6:731:Infinity:undefined:undefined:undefined:undefined":63,"s:720:6:731:Infinity":231,"s:721:8:730:Infinity":232,"b:722:10:729:Infinity:undefined:undefined:undefined:undefined":64,"s:722:10:729:Infinity":233,"b:723:12:723:Infinity:724:12:724:Infinity:725:12:725:Infinity:726:13:726:53:726:53:726:Infinity":65,"s:728:12:728:Infinity":234,"s:733:6:735:Infinity":235,"f:733:28:733:29":23,"b:734:8:734:Infinity:undefined:undefined:undefined:undefined":66,"s:734:8:734:Infinity":236,"s:734:21:734:Infinity":237,"s:736:6:736:Infinity":238,"s:739:21:739:Infinity":239,"b:740:4:740:Infinity:undefined:undefined:undefined:undefined":67,"s:740:4:740:Infinity":240,"b:740:8:740:21:740:21:740:55":68,"s:740:55:740:Infinity":241,"s:742:23:742:Infinity":242,"b:745:4:763:Infinity:751:4:763:Infinity":69,"s:745:4:763:Infinity":243,"s:746:6:750:Infinity":244,"b:747:8:749:Infinity:undefined:undefined:undefined:undefined":70,"s:747:8:749:Infinity":245,"b:747:12:747:44:747:44:747:75":71,"s:748:10:748:Infinity":246,"b:751:4:763:Infinity:759:4:763:Infinity":72,"s:751:4:763:Infinity":247,"b:753:13:753:32:753:32:753:71":73,"s:754:6:758:Infinity":248,"b:755:8:757:Infinity:undefined:undefined:undefined:undefined":74,"s:755:8:757:Infinity":249,"b:755:12:755:46:755:46:755:59":75,"s:756:10:756:Infinity":250,"b:759:4:763:Infinity:undefined:undefined:undefined:undefined":76,"s:759:4:763:Infinity":251,"b:761:13:761:32:761:32:761:73":77,"s:762:6:762:Infinity":252,"s:765:4:765:Infinity":253,"f:772:10:772:23":24,"b:773:4:773:Infinity:undefined:undefined:undefined:undefined":78,"s:773:4:773:Infinity":254,"s:773:15:773:Infinity":255,"s:775:18:775:Infinity":256,"s:777:18:785:Infinity":257,"f:777:18:777:19":25,"b:778:6:783:Infinity:undefined:undefined:undefined:undefined":79,"s:778:6:783:Infinity":258,"s:779:21:779:Infinity":259,"b:780:8:782:Infinity:undefined:undefined:undefined:undefined":80,"s:780:8:782:Infinity":260,"b:780:12:780:20:780:20:780:43":81,"s:781:10:781:Infinity":261,"s:784:6:784:Infinity":262,"s:787:4:787:Infinity":263,"s:788:4:788:Infinity":264,"f:798:10:798:37":26,"s:799:18:799:Infinity":265,"s:801:18:807:Infinity":266,"f:801:18:801:19":27,"b:802:6:805:Infinity:undefined:undefined:undefined:undefined":82,"s:802:6:805:Infinity":267,"s:803:21:803:Infinity":268,"b:804:8:804:Infinity:undefined:undefined:undefined:undefined":83,"s:804:8:804:Infinity":269,"s:804:18:804:Infinity":270,"s:806:6:806:Infinity":271,"s:809:4:809:Infinity":272,"s:810:4:810:Infinity":273,"f:817:10:817:29":28,"s:818:18:818:Infinity":274,"s:820:18:828:Infinity":275,"f:820:18:820:19":29,"b:821:6:826:Infinity:undefined:undefined:undefined:undefined":84,"s:821:6:826:Infinity":276,"b:821:10:821:42:821:42:821:76":85,"s:822:24:822:Infinity":277,"b:823:8:825:Infinity:undefined:undefined:undefined:undefined":86,"s:823:8:825:Infinity":278,"b:823:12:823:56:823:56:823:98":87,"s:824:10:824:Infinity":279,"s:827:6:827:Infinity":280,"s:830:4:830:Infinity":281,"s:831:4:831:Infinity":282,"f:840:10:840:32":30,"b:841:4:843:Infinity:undefined:undefined:undefined:undefined":88,"s:841:4:843:Infinity":283,"s:842:6:842:Infinity":284,"s:844:4:844:Infinity":285,"f:855:10:855:30":31,"s:856:16:856:Infinity":286,"s:858:18:871:Infinity":287,"f:858:18:858:19":32,"b:859:6:861:Infinity:undefined:undefined:undefined:undefined":89,"s:859:6:861:Infinity":288,"s:860:8:860:Infinity":289,"b:863:6:869:Infinity:undefined:undefined:undefined:undefined":90,"s:863:6:869:Infinity":290,"b:864:8:864:Infinity:865:9:865:Infinity:866:10:866:Infinity":91,"s:868:8:868:Infinity":291,"s:870:6:870:Infinity":292,"s:873:4:873:Infinity":293,"s:874:4:874:Infinity":294,"f:881:10:881:28":33,"b:883:4:888:Infinity:undefined:undefined:undefined:undefined":92,"s:883:4:888:Infinity":295,"s:884:24:884:Infinity":296,"b:885:6:887:Infinity:undefined:undefined:undefined:undefined":93,"s:885:6:887:Infinity":297,"s:886:8:886:Infinity":298,"f:886:30:886:31":34,"s:886:37:886:75":299,"b:891:4:893:Infinity:undefined:undefined:undefined:undefined":94,"s:891:4:893:Infinity":300,"b:891:8:891:23:891:23:891:59":95,"s:892:6:892:Infinity":301,"s:895:4:895:Infinity":302,"f:898:10:898:21":35,"s:899:4:899:Infinity":303,"b:899:11:899:37:899:37:899:56:899:56:899:Infinity":96,"f:909:10:909:Infinity":36,"s:913:19:913:Infinity":304,"s:914:18:914:Infinity":305,"s:916:4:921:Infinity":306,"b:917:6:920:Infinity:undefined:undefined:undefined:undefined":97,"s:917:6:920:Infinity":307,"s:918:22:918:Infinity":308,"s:919:8:919:Infinity":309,"s:923:4:923:Infinity":310,"f:930:10:930:Infinity":37,"s:937:19:937:Infinity":311,"b:938:4:938:Infinity:undefined:undefined:undefined:undefined":98,"s:938:4:938:Infinity":312,"s:938:36:938:Infinity":313,"s:940:28:950:Infinity":314,"s:952:4:952:Infinity":315,"f:959:10:959:21":38,"s:960:27:960:Infinity":316,"s:961:4:961:Infinity":317,"f:964:10:964
[...]
,"/Users/subash.karki/phantom-os/.claude/worktrees/feat+ai-engine/packages/ai-engine/src/strategies/direct.ts": {"path":"/Users/subash.karki/phantom-os/.claude/worktrees/feat+ai-engine/packages/ai-engine/src/strategies/direct.ts","statementMap":{"0":{"start":{"line":16,"column":16},"end":{"line":16,"column":null}},"1":{"start":{"line":17,"column":18},"end":{"line":17,"column":null}},"2":{"start":{"line":18,"column":21},"end":{"line":18,"column":null}},"3":{"start":{"line":20,"column":4},"end":{"line":20,"column":null}},"4":{"start":{"line":23,"column":33},"end":{"line":23,"column":null}},"5":{"start":{"line":25,"column":4},"end":{"line":27,"column":null}},"6":{"start":{"line":26,"column":6},"end":{"line":26,"column":null}},"7":{"start":{"line":28,"column":4},"end":{"line":30,"column":null}},"8":{"start":{"line":29,"column":6},"end":{"line":29,"column":null}},"9":{"start":{"line":31,"column":4},"end":{"line":33,"column":null}},"10":{"start":{"line":32,"column":6},"end":{"line":32,"column":null}},"11":{"start":{"line":35,"column":4},"end":{"line":35,"column":null}},"12":{"start":{"line":39,"column":18},"end":{"line":39,"column":null}},"13":{"start":{"line":40,"column":22},"end":{"line":40,"column":null}},"14":{"start":{"line":43,"column":23},"end":{"line":43,"column":null}},"15":{"start":{"line":46,"column":19},"end":{"line":51,"column":null}},"16":{"start":{"line":53,"column":4},"end":{"line":63,"column":null}}},"fnMap":{"0":{"name":"(anonymous_0)","decl":{"start":{"line":22,"column":2},"end":{"line":22,"column":17}},"loc":{"start":{"line":22,"column":56},"end":{"line":36,"column":null}},"line":22},"1":{"name":"(anonymous_1)","decl":{"start":{"line":38,"column":8},"end":{"line":38,"column":16}},"loc":{"start":{"line":38,"column":63},"end":{"line":64,"column":null}},"line":38}},"branchMap":{"0":{"loc":{"start":{"line":25,"column":4},"end":{"line":27,"column":null}},"type":"if","locations":[{"start":{"line":25,"column":4},"end":{"line":27,"column":null}},{"start":{},"end":{}}],"line":25},"1":{"loc":{"start":{"line":25,"column":8},"end":{"line":25,"column":51}},"type":"binary-expr","locations":[{"start":{"line":25,"column":8},"end":{"line":25,"column":35}},{"start":{"line":25,"column":35},"end":{"line":25,"column":51}}],"line":25},"2":{"loc":{"start":{"line":28,"column":4},"end":{"line":30,"column":null}},"type":"if","locations":[{"start":{"line":28,"column":4},"end":{"line":30,"column":null}},{"start":{},"end":{}}],"line":28},"3":{"loc":{"start":{"line":28,"column":8},"end":{"line":28,"column":53}},"type":"binary-expr","locations":[{"start":{"line":28,"column":8},"end":{"line":28,"column":37}},{"start":{"line":28,"column":37},"end":{"line":28,"column":53}}],"line":28},"4":{"loc":{"start":{"line":31,"column":4},"end":{"line":33,"column":null}},"type":"if","locations":[{"start":{"line":31,"column":4},"end":{"line":33,"column":null}},{"start":{},"end":{}}],"line":31},"5":{"loc":{"start":{"line":31,"column":8},"end":{"line":31,"column":54}},"type":"binary-expr","locations":[{"start":{"line":31,"column":8},"end":{"line":31,"column":35}},{"start":{"line":31,"column":35},"end":{"line":31,"column":54}}],"line":31}},"s":{"0":13,"1":13,"2":13,"3":13,"4":16,"5":16,"6":7,"7":9,"8":1,"9":8,"10":1,"11":7,"12":5,"13":5,"14":5,"15":5,"16":5},"f":{"0":16,"1":5},"b":{"0":[7,9],"1":[16,9],"2":[1,8],"3":[9,3],"4":[1,7],"5":[8,2]},"meta":{"lastBranch":6,"lastFunction":2,"lastStatement":17,"seen":{"s:16:16:16:Infinity":0,"s:17:18:17:Infinity":1,"s:18:21:18:Infinity":2,"s:20:4:20:Infinity":3,"f:22:2:22:17":0,"s:23:33:23:Infinity":4,"b:25:4:27:Infinity:undefined:undefined:undefined:undefined":0,"s:25:4:27:Infinity":5,"b:25:8:25:35:25:35:25:51":1,"s:26:6:26:Infinity":6,"b:28:4:30:Infinity:undefined:undefined:undefined:undefined":2,"s:28:4:30:Infinity":7,"b:28:8:28:37:28:37:28:53":3,"s:29:6:29:Infinity":8,"b:31:4:33:Infinity:undefined:undefined:undefined:undefined":4,"s:31:4:33:Infinity":9,"b:31:8:31:35:31:35:31:54":5,"s:32:6:32:Infinity":10,"s:35:4:35:Infinity":11,"f:38:8:38:16":1,"s:39:18:39:Infinity":12,"s:40:22:40:Infinity":13,"s:43:23:43:Infinity":14,"s:46:19:51:Infinity":15,"s:53:4:63:Infinity":16}}}
,"/Users/subash.karki/phantom-os/.claude/worktrees/feat+ai-engine/packages/ai-engine/src/strategies/registry.ts": {"path":"/Users/subash.karki/phantom-os/.claude/worktrees/feat+ai-engine/packages/ai-engine/src/strategies/registry.ts","statementMap":{"0":{"start":{"line":14,"column":29},"end":{"line":14,"column":null}},"1":{"start":{"line":15,"column":33},"end":{"line":15,"column":null}},"2":{"start":{"line":18,"column":20},"end":{"line":18,"column":null}},"3":{"start":{"line":22,"column":4},"end":{"line":22,"column":null}},"4":{"start":{"line":27,"column":4},"end":{"line":27,"column":null}},"5":{"start":{"line":32,"column":18},"end":{"line":32,"column":null}},"6":{"start":{"line":33,"column":4},"end":{"line":33,"column":null}},"7":{"start":{"line":33,"column":15},"end":{"line":33,"column":null}},"8":{"start":{"line":38,"column":18},"end":{"line":38,"column":null}},"9":{"start":{"line":39,"column":4},"end":{"line":39,"column":null}},"10":{"start":{"line":39,"column":15},"end":{"line":39,"column":null}},"11":{"start":{"line":52,"column":19},"end":{"line":52,"column":null}},"12":{"start":{"line":55,"column":17},"end":{"line":55,"column":null}},"13":{"start":{"line":55,"column":36},"end":{"line":55,"column":76}},"14":{"start":{"line":56,"column":4},"end":{"line":56,"column":null}},"15":{"start":{"line":56,"column":14},"end":{"line":56,"column":null}},"16":{"start":{"line":59,"column":19},"end":{"line":59,"column":null}},"17":{"start":{"line":60,"column":4},"end":{"line":60,"column":null}},"18":{"start":{"line":60,"column":16},"end":{"line":60,"column":null}},"19":{"start":{"line":63,"column":18},"end":{"line":63,"column":null}},"20":{"start":{"line":64,"column":4},"end":{"line":64,"column":null}},"21":{"start":{"line":64,"column":15},"end":{"line":64,"column":null}},"22":{"start":{"line":66,"column":4},"end":{"line":66,"column":null}},"23":{"start":{"line":76,"column":4},"end":{"line":76,"column":null}},"24":{"start":{"line":81,"column":4},"end":{"line":81,"column":null}},"25":{"start":{"line":86,"column":4},"end":{"line":86,"column":null}},"26":{"start":{"line":104,"column":9},"end":{"line":104,"column":null}},"27":{"start":{"line":106,"column":4},"end":{"line":110,"column":null}},"28":{"start":{"line":107,"column":6},"end":{"line":107,"column":null}},"29":{"start":{"line":107,"column":26},"end":{"line":107,"column":null}},"30":{"start":{"line":108,"column":20},"end":{"line":108,"column":null}},"31":{"start":{"line":109,"column":6},"end":{"line":109,"column":null}},"32":{"start":{"line":113,"column":4},"end":{"line":117,"column":null}},"33":{"start":{"line":114,"column":24},"end":{"line":114,"column":null}},"34":{"start":{"line":115,"column":6},"end":{"line":115,"column":null}},"35":{"start":{"line":115,"column":27},"end":{"line":115,"column":null}},"36":{"start":{"line":116,"column":6},"end":{"line":116,"column":null}},"37":{"start":{"line":119,"column":4},"end":{"line":119,"column":null}}},"fnMap":{"0":{"name":"(anonymous_0)","decl":{"start":{"line":21,"column":2},"end":{"line":21,"column":11}},"loc":{"start":{"line":21,"column":60},"end":{"line":23,"column":null}},"line":21},"1":{"name":"(anonymous_1)","decl":{"start":{"line":26,"column":2},"end":{"line":26,"column":13}},"loc":{"start":{"line":26,"column":31},"end":{"line":28,"column":null}},"line":26},"2":{"name":"(anonymous_2)","decl":{"start":{"line":31,"column":2},"end":{"line":31,"column":9}},"loc":{"start":{"line":31,"column":27},"end":{"line":34,"column":null}},"line":31},"3":{"name":"(anonymous_3)","decl":{"start":{"line":37,"column":2},"end":{"line":37,"column":10}},"loc":{"start":{"line":37,"column":28},"end":{"line":40,"column":null}},"line":37},"4":{"name":"(anonymous_4)","decl":{"start":{"line":51,"column":2},"end":{"line":51,"column":9}},"loc":{"start":{"line":51,"column":50},"end":{"line":67,"column":null}},"line":51},"5":{"name":"(anonymous_5)","decl":{"start":{"line":55,"column":29},"end":{"line":55,"column":30}},"loc":{"start":{"line":55,"column":36},"end":{"line":55,"column":76}},"line":55},"6":{"name":"(anonymous_6)","decl":{"start":{"line":73,"column":2},"end":{"line":73,"column":null}},"loc":{"start":{"line":75,"column":68},"end":{"line":77,"column":null}},"line":75},"7":{"name":"(anonymous_7)","decl":{"start":{"line":80,"column":2},"end":{"line":80,"column":36}},"loc":{"start":{"line":80,"column":36},"end":{"line":82,"column":null}},"line":80},"8":{"name":"(anonymous_8)","decl":{"start":{"line":85,"column":2},"end":{"line":85,"column":6}},"loc":{"start":{"line":85,"column":53},"end":{"line":87,"column":null}},"line":85},"9":{"name":"(anonymous_9)","decl":{"start":{"line":93,"column":10},"end":{"line":93,"column":null}},"loc":{"start":{"line":99,"column":5},"end":{"line":120,"column":null}},"line":99},"10":{"name":"(anonymous_10)","decl":{"start":{"line":113,"column":17},"end":{"line":113,"column":18}},"loc":{"start":{"line":113,"column":27},"end":{"line":117,"column":5}},"line":113}},"branchMap":{"0":{"loc":{"start":{"line":21,"column":40},"end":{"line":21,"column":60}},"type":"default-arg","locations":[{"start":{"line":21,"column":51},"end":{"line":21,"column":60}}],"line":21},"1":{"loc":{"start":{"line":33,"column":4},"end":{"line":33,"column":null}},"type":"if","locations":[{"start":{"line":33,"column":4},"end":{"line":33,"column":null}},{"start":{},"end":{}}],"line":33},"2":{"loc":{"start":{"line":39,"column":4},"end":{"line":39,"column":null}},"type":"if","locations":[{"start":{"line":39,"column":4},"end":{"line":39,"column":null}},{"start":{},"end":{}}],"line":39},"3":{"loc":{"start":{"line":56,"column":4},"end":{"line":56,"column":null}},"type":"if","locations":[{"start":{"line":56,"column":4},"end":{"line":56,"column":null}},{"start":{},"end":{}}],"line":56},"4":{"loc":{"start":{"line":60,"column":4},"end":{"line":60,"column":null}},"type":"if","locations":[{"start":{"line":60,"column":4},"end":{"line":60,"column":null}},{"start":{},"end":{}}],"line":60},"5":{"loc":{"start":{"line":64,"column":4},"end":{"line":64,"column":null}},"type":"if","locations":[{"start":{"line":64,"column":4},"end":{"line":64,"column":null}},{"start":{},"end":{}}],"line":64},"6":{"loc":{"start":{"line":107,"column":6},"end":{"line":107,"column":null}},"type":"if","locations":[{"start":{"line":107,"column":6},"end":{"line":107,"column":null}},{"start":{},"end":{}}],"line":107},"7":{"loc":{"start":{"line":115,"column":6},"end":{"line":115,"column":null}},"type":"if","locations":[{"start":{"line":115,"column":6},"end":{"line":115,"column":null}},{"start":{},"end":{}}],"line":115}},"s":{"0":1,"1":1,"2":24,"3":50,"4":2,"5":1,"6":1,"7":1,"8":6,"9":6,"10":6,"11":14,"12":14,"13":13,"14":14,"15":12,"16":2,"17":2,"18":1,"19":1,"20":1,"21":0,"22":1,"23":3,"24":1,"25":5,"26":17,"27":17,"28":43,"29":3,"30":40,"31":40,"32":17,"33":28,"34":28,"35":25,"36":3,"37":17},"f":{"0":50,"1":2,"2":1,"3":6,"4":14,"5":13,"6":3,"7":1,"8":5,"9":17,"10":28},"b":{"0":[50],"1":[1,0],"2":[6,0],"3":[12,2],"4":[1,1],"5":[0,1],"6":[3,40],"7":[25,3]},"meta":{"lastBranch":8,"lastFunction":11,"lastStatement":38,"seen":{"s:14:29:14:Infinity":0,"s:15:33:15:Infinity":1,"s:18:20:18:Infinity":2,"f:21:2:21:11":0,"b:21:51:21:60":0,"s:22:4:22:Infinity":3,"f:26:2:26:13":1,"s:27:4:27:Infinity":4,"f:31:2:31:9":2,"s:32:18:32:Infinity":5,"b:33:4:33:Infinity:undefined:undefined:undefined:undefined":1,"s:33:4:33:Infinity":6,"s:33:15:33:Infinity":7,"f:37:2:37:10":3,"s:38:18:38:Infinity":8,"b:39:4:39:Infinity:undefined:undefined:undefined:undefined":2,"s:39:4:39:Infinity":9,"s:39:15:39:Infinity":10,"f:51:2:51:9":4,"s:52:19:52:Infinity":11,"s:55:17:55:Infinity":12,"f:55:29:55:30":5,"s:55:36:55:76":13,"b:56:4:56:Infinity:undefined:undefined:undefined:undefined":3,"s:56:4:56:Infinity":14,"s:56:14:56:Infinity":15,"s:59:19:59:Infinity":16,"b:60:4:60:Infinity:undefined:undefined:undefined:undefined":4,"s:60:4:60:Infinity":17,"s:60:16:60:Infinity":18,"s:63:18:63:Infinity":19,"b:64:4:64:Infinity:undefined:undefined:undefined:undefined":5,"s:64:4:64:Infinity":20,"s:64:15:64:Infinity":21,"s:66:4:66:Infinity":22,"f:73:2:73:Infinity":6,"s:76:4:76:Infinity":23,"f:80:2:80:36":7,"s:81:4:81:Infinity":24,"f:85:2:85:6":8,"s:86:4:86:Infinity":25,"f:93:10:93:Infinity":9,"s:104:9:104:Infinity":26,"s:106:4:110:Infinity":27,"b:107:6:107:Infinity:undefined:undefined:undefined:undefined":6,"s:107:6:107:Infinity":28,"s:107:26:107:Infinity":29,"s:108:20:108:Infinity":30,"s:109:6:109:Infinity":31,"s:113:4:117:Infinity":32,"f:113:17:113:18":10,"s:114:24:114:Infinity":33,"b:115:6:115:Infinity:undefined:undefined:undefined:undefined":7,"s:115:6:115:Infinity":34,"s:115:27:115:Infinity":35,"s:116:6:116:Infinity":36,"s:119:4:119:Infinity":37}}}
,"/Users/subash.karki/phantom-os/.claude/worktrees/feat+ai-engine/packages/ai-engine/src/strategies/self-refine.ts": {"path":"/Users/subash.karki/phantom-os/.claude/worktrees/feat+ai-engine/packages/ai-engine/src/strategies/self-refine.ts","statementMap":{"0":{"start":{"line":16,"column":16},"end":{"line":16,"column":null}},"1":{"start":{"line":17,"column":18},"end":{"line":17,"column":null}},"2":{"start":{"line":18,"column":21},"end":{"line":18,"column":null}},"3":{"start":{"line":20,"column":4},"end":{"line":20,"column":null}},"4":{"start":{"line":23,"column":40},"end":{"line":23,"column":null}},"5":{"start":{"line":26,"column":32},"end":{"line":26,"column":null}},"6":{"start":{"line":27,"column":32},"end":{"line":27,"column":null}},"7":{"start":{"line":29,"column":4},"end":{"line":34,"column":null}},"8":{"start":{"line":30,"column":6},"end":{"line":33,"column":null}},"9":{"start":{"line":35,"column":4},"end":{"line":40,"column":null}},"10":{"start":{"line":36,"column":6},"end":{"line":39,"column":null}},"11":{"start":{"line":42,"column":4},"end":{"line":42,"column":null}},"12":{"start":{"line":46,"column":18},"end":{"line":46,"column":null}},"13":{"start":{"line":47,"column":32},"end":{"line":47,"column":null}},"14":{"start":{"line":50,"column":4},"end":{"line":66,"column":null}},"15":{"start":{"line":51,"column":6},"end":{"line":65,"column":null}},"16":{"start":{"line":68,"column":23},"end":{"line":68,"column":null}},"17":{"start":{"line":69,"column":31},"end":{"line":69,"column":null}},"18":{"start":{"line":70,"column":18},"end":{"line":70,"column":null}},"19":{"start":{"line":73,"column":29},"end":{"line":81,"column":null}},"20":{"start":{"line":83,"column":4},"end":{"line":94,"column":null}}},"fnMap":{"0":{"name":"(anonymous_0)","decl":{"start":{"line":22,"column":2},"end":{"line":22,"column":17}},"loc":{"start":{"line":22,"column":56},"end":{"line":43,"column":null}},"line":22},"1":{"name":"(anonymous_1)","decl":{"start":{"line":45,"column":8},"end":{"line":45,"column":16}},"loc":{"start":{"line":45,"column":63},"end":{"line":95,"column":null}},"line":45}},"branchMap":{"0":{"loc":{"start":{"line":26,"column":32},"end":{"line":26,"column":null}},"type":"binary-expr","locations":[{"start":{"line":26,"column":32},"end":{"line":26,"column":82}},{"start":{"line":26,"column":82},"end":{"line":26,"column":null}}],"line":26},"1":{"loc":{"start":{"line":27,"column":32},"end":{"line":27,"column":null}},"type":"binary-expr","locations":[{"start":{"line":27,"column":32},"end":{"line":27,"column":83}},{"start":{"line":27,"column":83},"end":{"line":27,"column":null}}],"line":27},"2":{"loc":{"start":{"line":29,"column":4},"end":{"line":34,"column":null}},"type":"if","locations":[{"start":{"line":29,"column":4},"end":{"line":34,"column":null}},{"start":{},"end":{}}],"line":29},"3":{"loc":{"start":{"line":29,"column":8},"end":{"line":29,"column":85}},"type":"binary-expr","locations":[{"start":{"line":29,"column":8},"end":{"line":29,"column":30}},{"start":{"line":29,"column":30},"end":{"line":29,"column":58}},{"start":{"line":29,"column":58},"end":{"line":29,"column":85}}],"line":29},"4":{"loc":{"start":{"line":35,"column":4},"end":{"line":40,"column":null}},"type":"if","locations":[{"start":{"line":35,"column":4},"end":{"line":40,"column":null}},{"start":{},"end":{}}],"line":35},"5":{"loc":{"start":{"line":35,"column":8},"end":{"line":35,"column":51}},"type":"binary-expr","locations":[{"start":{"line":35,"column":8},"end":{"line":35,"column":37}},{"start":{"line":35,"column":37},"end":{"line":35,"column":51}}],"line":35},"6":{"loc":{"start":{"line":50,"column":4},"end":{"line":66,"column":null}},"type":"if","locations":[{"start":{"line":50,"column":4},"end":{"line":66,"column":null}},{"start":{},"end":{}}],"line":50},"7":{"loc":{"start":{"line":50,"column":8},"end":{"line":50,"column":58}},"type":"binary-expr","locations":[{"start":{"line":50,"column":8},"end":{"line":50,"column":28}},{"start":{"line":50,"column":28},"end":{"line":50,"column":58}}],"line":50}},"s":{"0":9,"1":9,"2":9,"3":9,"4":13,"5":13,"6":13,"7":13,"8":2,"9":11,"10":1,"11":10,"12":4,"13":4,"14":4,"15":1,"16":3,"17":3,"18":3,"19":3,"20":3},"f":{"0":13,"1":4},"b":{"0":[13,9],"1":[13,9],"2":[2,11],"3":[13,4,3],"4":[1,10],"5":[11,2],"6":[1,3],"7":[4,3]},"meta":{"lastBranch":8,"lastFunction":2,"lastStatement":21,"seen":{"s:16:16:16:Infinity":0,"s:17:18:17:Infinity":1,"s:18:21:18:Infinity":2,"s:20:4:20:Infinity":3,"f:22:2:22:17":0,"s:23:40:23:Infinity":4,"s:26:32:26:Infinity":5,"b:26:32:26:82:26:82:26:Infinity":0,"s:27:32:27:Infinity":6,"b:27:32:27:83:27:83:27:Infinity":1,"b:29:4:34:Infinity:undefined:undefined:undefined:undefined":2,"s:29:4:34:Infinity":7,"b:29:8:29:30:29:30:29:58:29:58:29:85":3,"s:30:6:33:Infinity":8,"b:35:4:40:Infinity:undefined:undefined:undefined:undefined":4,"s:35:4:40:Infinity":9,"b:35:8:35:37:35:37:35:51":5,"s:36:6:39:Infinity":10,"s:42:4:42:Infinity":11,"f:45:8:45:16":1,"s:46:18:46:Infinity":12,"s:47:32:47:Infinity":13,"b:50:4:66:Infinity:undefined:undefined:undefined:undefined":6,"s:50:4:66:Infinity":14,"b:50:8:50:28:50:28:50:58":7,"s:51:6:65:Infinity":15,"s:68:23:68:Infinity":16,"s:69:31:69:Infinity":17,"s:70:18:70:Infinity":18,"s:73:29:81:Infinity":19,"s:83:4:94:Infinity":20}}}
,"/Users/subash.karki/phantom-os/.claude/worktrees/feat+ai-engine/packages/ai-engine/src/types/events.ts": {"path":"/Users/subash.karki/phantom-os/.claude/worktrees/feat+ai-engine/packages/ai-engine/src/types/events.ts","statementMap":{},"fnMap":{},"branchMap":{},"s":{},"f":{},"b":{},"meta":{"lastBranch":0,"lastFunction":0,"lastStatement":0,"seen":{}}}
,"/Users/subash.karki/phantom-os/.claude/worktrees/feat+ai-engine/packages/ai-engine/src/types/graph.ts": {"path":"/Users/subash.karki/phantom-os/.claude/worktrees/feat+ai-engine/packages/ai-engine/src/types/graph.ts","statementMap":{},"fnMap":{},"branchMap":{},"s":{},"f":{},"b":{},"meta":{"lastBranch":0,"lastFunction":0,"lastStatement":0,"seen":{}}}
,"/Users/subash.karki/phantom-os/.claude/worktrees/feat+ai-engine/packages/ai-engine/src/types/index.ts": {"path":"/Users/subash.karki/phantom-os/.claude/worktrees/feat+ai-engine/packages/ai-engine/src/types/index.ts","statementMap":{},"fnMap":{},"branchMap":{},"s":{},"f":{},"b":{},"meta":{"lastBranch":0,"lastFunction":0,"lastStatement":0,"seen":{}}}
,"/Users/subash.karki/phantom-os/.claude/worktrees/feat+ai-engine/packages/ai-engine/src/types/strategy.ts": {"path":"/Users/subash.karki/phantom-os/.claude/worktrees/feat+ai-engine/packages/ai-engine/src/types/strategy.ts","statementMap":{},"fnMap":{},"branchMap":{},"s":{},"f":{},"b":{},"meta":{"lastBranch":0,"lastFunction":0,"lastStatement":0,"seen":{}}}
}
